2_lsep
2_tname_sicc_AVID_ref_0110c_nom1401400_0201_max
2_mrslt_32.552000000000
2_msunit_A
2_lsep
2_tname_sicc_AVID_ref_0110c_nom1401400_0201_min
2_mrslt_32.440000000000
2_msunit_A
2_lsep
2_tname_sicc_AVID_ref_0110c_nom1401400_0201_avg
2_mrslt_32.496800000000
2_msunit_A
2_lsep
2_tname_sicc_AVID_ref_0110c_nom1401400_0201_med
2_mrslt_32.504000000000
2_msunit_A
2_lsep
2_tname_dicc_AVID1_ref_0118c_nom1041867_0301_max
2_mrslt_88.424000000000
2_msunit_A
2_lsep
2_tname_dicc_AVID1_ref_0118c_nom1041867_0301_min
2_mrslt_88.256000000000
2_msunit_A
2_lsep
2_tname_dicc_AVID1_ref_0118c_nom1041867_0301_avg
2_mrslt_88.342000000000
2_msunit_A
2_lsep
2_tname_dicc_AVID1_ref_0118c_nom1041867_0301_med
2_mrslt_88.336000000000
2_msunit_A
2_lsep
2_tname_dicc_AVID2_ref_0118c_nom1192133_0401_max
2_mrslt_96.144000000000
2_msunit_A
2_lsep
2_tname_dicc_AVID2_ref_0118c_nom1192133_0401_min
2_mrslt_95.944000000000
2_msunit_A
2_lsep
2_tname_dicc_AVID2_ref_0118c_nom1192133_0401_avg
2_mrslt_96.056000000000
2_msunit_A
2_lsep
2_tname_dicc_AVID2_ref_0118c_nom1192133_0401_med
2_mrslt_96.048000000000
2_msunit_A
2_lsep
2_tname_dicc_AVID3_ref_0118c_nom1332400_0501_max
2_mrslt_103.792000000000
2_msunit_A
2_lsep
2_tname_dicc_AVID3_ref_0118c_nom1332400_0501_min
2_mrslt_103.472000000000
2_msunit_A
2_lsep
2_tname_dicc_AVID3_ref_0118c_nom1332400_0501_avg
2_mrslt_103.665200000000
2_msunit_A
2_lsep
2_tname_dicc_AVID3_ref_0118c_nom1332400_0501_med
2_mrslt_103.696000000000
2_msunit_A
