2_lsep
2_tname_sicc_AVID_ref_0110c_nom1401400_0201_max
2_mrslt_31.072000000000
2_msunit_A
2_lsep
2_tname_sicc_AVID_ref_0110c_nom1401400_0201_min
2_mrslt_30.976000000000
2_msunit_A
2_lsep
2_tname_sicc_AVID_ref_0110c_nom1401400_0201_avg
2_mrslt_31.039600000000
2_msunit_A
2_lsep
2_tname_sicc_AVID_ref_0110c_nom1401400_0201_med
2_mrslt_31.040000000000
2_msunit_A
2_lsep
2_tname_dicc_AVID1_ref_0118c_nom1041867_0301_max
2_mrslt_86.560000000000
2_msunit_A
2_lsep
2_tname_dicc_AVID1_ref_0118c_nom1041867_0301_min
2_mrslt_86.400000000000
2_msunit_A
2_lsep
2_tname_dicc_AVID1_ref_0118c_nom1041867_0301_avg
2_mrslt_86.478800000000
2_msunit_A
2_lsep
2_tname_dicc_AVID1_ref_0118c_nom1041867_0301_med
2_mrslt_86.480000000000
2_msunit_A
2_lsep
2_tname_dicc_AVID2_ref_0118c_nom1192133_0401_max
2_mrslt_94.120000000000
2_msunit_A
2_lsep
2_tname_dicc_AVID2_ref_0118c_nom1192133_0401_min
2_mrslt_93.936000000000
2_msunit_A
2_lsep
2_tname_dicc_AVID2_ref_0118c_nom1192133_0401_avg
2_mrslt_94.049200000000
2_msunit_A
2_lsep
2_tname_dicc_AVID2_ref_0118c_nom1192133_0401_med
2_mrslt_94.064000000000
2_msunit_A
2_lsep
2_tname_dicc_AVID3_ref_0118c_nom1332400_0501_max
2_mrslt_101.656000000000
2_msunit_A
2_lsep
2_tname_dicc_AVID3_ref_0118c_nom1332400_0501_min
2_mrslt_101.464000000000
2_msunit_A
2_lsep
2_tname_dicc_AVID3_ref_0118c_nom1332400_0501_avg
2_mrslt_101.571200000000
2_msunit_A
2_lsep
2_tname_dicc_AVID3_ref_0118c_nom1332400_0501_med
2_mrslt_101.576000000000
2_msunit_A
