2_lsep
2_tname_sicc_AVID_ref_0110c_nom1401400_0201_max
2_mrslt_32.640000000000
2_msunit_A
2_lsep
2_tname_sicc_AVID_ref_0110c_nom1401400_0201_min
2_mrslt_32.528000000000
2_msunit_A
2_lsep
2_tname_sicc_AVID_ref_0110c_nom1401400_0201_avg
2_mrslt_32.584400000000
2_msunit_A
2_lsep
2_tname_sicc_AVID_ref_0110c_nom1401400_0201_med
2_mrslt_32.592000000000
2_msunit_A
2_lsep
2_tname_dicc_AVID1_ref_0118c_nom1041867_0301_max
2_mrslt_86.864000000000
2_msunit_A
2_lsep
2_tname_dicc_AVID1_ref_0118c_nom1041867_0301_min
2_mrslt_86.680000000000
2_msunit_A
2_lsep
2_tname_dicc_AVID1_ref_0118c_nom1041867_0301_avg
2_mrslt_86.786400000000
2_msunit_A
2_lsep
2_tname_dicc_AVID1_ref_0118c_nom1041867_0301_med
2_mrslt_86.784000000000
2_msunit_A
2_lsep
2_tname_dicc_AVID2_ref_0118c_nom1192133_0401_max
2_mrslt_94.056000000000
2_msunit_A
2_lsep
2_tname_dicc_AVID2_ref_0118c_nom1192133_0401_min
2_mrslt_93.872000000000
2_msunit_A
2_lsep
2_tname_dicc_AVID2_ref_0118c_nom1192133_0401_avg
2_mrslt_93.968800000000
2_msunit_A
2_lsep
2_tname_dicc_AVID2_ref_0118c_nom1192133_0401_med
2_mrslt_93.976000000000
2_msunit_A
2_lsep
2_tname_dicc_AVID3_ref_0118c_nom1332400_0501_max
2_mrslt_101.400000000000
2_msunit_A
2_lsep
2_tname_dicc_AVID3_ref_0118c_nom1332400_0501_min
2_mrslt_101.176000000000
2_msunit_A
2_lsep
2_tname_dicc_AVID3_ref_0118c_nom1332400_0501_avg
2_mrslt_101.292400000000
2_msunit_A
2_lsep
2_tname_dicc_AVID3_ref_0118c_nom1332400_0501_med
2_mrslt_101.304000000000
2_msunit_A
