2_lsep
2_tname_sicc_AVID_ref_0110c_nom1401400_0201_max
2_mrslt_36.088000000000
2_msunit_A
2_lsep
2_tname_sicc_AVID_ref_0110c_nom1401400_0201_min
2_mrslt_36.024000000000
2_msunit_A
2_lsep
2_tname_sicc_AVID_ref_0110c_nom1401400_0201_avg
2_mrslt_36.049600000000
2_msunit_A
2_lsep
2_tname_sicc_AVID_ref_0110c_nom1401400_0201_med
2_mrslt_36.048000000000
2_msunit_A
2_lsep
2_tname_dicc_AVID1_ref_0118c_nom1041867_0301_max
2_mrslt_91.560000000000
2_msunit_A
2_lsep
2_tname_dicc_AVID1_ref_0118c_nom1041867_0301_min
2_mrslt_91.344000000000
2_msunit_A
2_lsep
2_tname_dicc_AVID1_ref_0118c_nom1041867_0301_avg
2_mrslt_91.472000000000
2_msunit_A
2_lsep
2_tname_dicc_AVID1_ref_0118c_nom1041867_0301_med
2_mrslt_91.488000000000
2_msunit_A
2_lsep
2_tname_dicc_AVID2_ref_0118c_nom1192133_0401_max
2_mrslt_99.296000000000
2_msunit_A
2_lsep
2_tname_dicc_AVID2_ref_0118c_nom1192133_0401_min
2_mrslt_99.080000000000
2_msunit_A
2_lsep
2_tname_dicc_AVID2_ref_0118c_nom1192133_0401_avg
2_mrslt_99.191200000000
2_msunit_A
2_lsep
2_tname_dicc_AVID2_ref_0118c_nom1192133_0401_med
2_mrslt_99.208000000000
2_msunit_A
2_lsep
2_tname_dicc_AVID3_ref_0118c_nom1332400_0501_max
2_mrslt_106.944000000000
2_msunit_A
2_lsep
2_tname_dicc_AVID3_ref_0118c_nom1332400_0501_min
2_mrslt_106.680000000000
2_msunit_A
2_lsep
2_tname_dicc_AVID3_ref_0118c_nom1332400_0501_avg
2_mrslt_106.827200000000
2_msunit_A
2_lsep
2_tname_dicc_AVID3_ref_0118c_nom1332400_0501_med
2_mrslt_106.840000000000
2_msunit_A
