2_lsep
2_tname_sicc_AVID_ref_0110c_nom1401400_0201_max
2_mrslt_33.600000000000
2_msunit_A
2_lsep
2_tname_sicc_AVID_ref_0110c_nom1401400_0201_min
2_mrslt_33.528000000000
2_msunit_A
2_lsep
2_tname_sicc_AVID_ref_0110c_nom1401400_0201_avg
2_mrslt_33.547600000000
2_msunit_A
2_lsep
2_tname_sicc_AVID_ref_0110c_nom1401400_0201_med
2_mrslt_33.544000000000
2_msunit_A
2_lsep
2_tname_dicc_AVID1_ref_0118c_nom1041867_0301_max
2_mrslt_88.296000000000
2_msunit_A
2_lsep
2_tname_dicc_AVID1_ref_0118c_nom1041867_0301_min
2_mrslt_88.104000000000
2_msunit_A
2_lsep
2_tname_dicc_AVID1_ref_0118c_nom1041867_0301_avg
2_mrslt_88.206000000000
2_msunit_A
2_lsep
2_tname_dicc_AVID1_ref_0118c_nom1041867_0301_med
2_mrslt_88.200000000000
2_msunit_A
2_lsep
2_tname_dicc_AVID2_ref_0118c_nom1192133_0401_max
2_mrslt_95.584000000000
2_msunit_A
2_lsep
2_tname_dicc_AVID2_ref_0118c_nom1192133_0401_min
2_mrslt_95.368000000000
2_msunit_A
2_lsep
2_tname_dicc_AVID2_ref_0118c_nom1192133_0401_avg
2_mrslt_95.472000000000
2_msunit_A
2_lsep
2_tname_dicc_AVID2_ref_0118c_nom1192133_0401_med
2_mrslt_95.488000000000
2_msunit_A
2_lsep
2_tname_dicc_AVID3_ref_0118c_nom1332400_0501_max
2_mrslt_102.896000000000
2_msunit_A
2_lsep
2_tname_dicc_AVID3_ref_0118c_nom1332400_0501_min
2_mrslt_102.672000000000
2_msunit_A
2_lsep
2_tname_dicc_AVID3_ref_0118c_nom1332400_0501_avg
2_mrslt_102.769600000000
2_msunit_A
2_lsep
2_tname_dicc_AVID3_ref_0118c_nom1332400_0501_med
2_mrslt_102.776000000000
2_msunit_A
