Overwrite C:/Development/intel/tpapps/CorTeX/GEN/GLN_Rev4.12.0_PG1.1/Supercede_code/cortex_utility.vcproj
Overwrite C:/Development/intel/tpapps/CorTeX/GEN/GLN_Rev4.12.0_PG1.1/Supercede_code/GEN_code.vcproj
Overwrite C:/Development/intel/tpapps/CorTeX/GEN/GLN_Rev4.12.0_PG1.1/Supercede_templates/GEN_LRBavid_tt.rc
Overwrite C:/Development/intel/tpapps/CorTeX/GEN/GLN_Rev4.12.0_PG1.1/Supercede_templates/GEN_LRBavid_tt.vcproj
Overwrite C:/Development/intel/tpapps/CorTeX/GEN/GLN_Rev4.12.0_PG1.1/Supercede_templates/GEN_LRBdts_tt.rc
Overwrite C:/Development/intel/tpapps/CorTeX/GEN/GLN_Rev4.12.0_PG1.1/Supercede_templates/GEN_LRBdts_tt.vcproj
Overwrite C:/Development/intel/tpapps/CorTeX/GEN/GLN_Rev4.12.0_PG1.1/Supercede_templates/GEN_LRBFunc_tt.rc
Overwrite C:/Development/intel/tpapps/CorTeX/GEN/GLN_Rev4.12.0_PG1.1/Supercede_templates/GEN_LRBFunc_tt.vcproj
Overwrite C:/Development/intel/tpapps/CorTeX/GEN/GLN_Rev4.12.0_PG1.1/Supercede_templates/GEN_LRBidvpro_tt.rc
Overwrite C:/Development/intel/tpapps/CorTeX/GEN/GLN_Rev4.12.0_PG1.1/Supercede_templates/GEN_LRBidvpro_tt.vcproj
Overwrite C:/Development/intel/tpapps/CorTeX/GEN/GLN_Rev4.12.0_PG1.1/Supercede_templates/GEN_LRBMinMaxTherm_tt.rc
Overwrite C:/Development/intel/tpapps/CorTeX/GEN/GLN_Rev4.12.0_PG1.1/Supercede_templates/GEN_LRBMinMaxTherm_tt.vcproj
Overwrite C:/Development/intel/tpapps/CorTeX/OASIS/GLN_Rev4.12.0_PG1.1/Supercede_code/OASIS_2GDM_code.vcproj
Overwrite C:/Development/intel/tpapps/CorTeX/OASIS/GLN_Rev4.12.0_PG1.1/Supercede_code/OASIS_65GDM_code.vcproj
Overwrite C:/Development/intel/tpapps/CorTeX/OASIS/GLN_Rev4.12.0_PG1.1/Supercede_code/OASIS_code.vcproj
Overwrite C:/Development/intel/tpapps/CorTeX/OASIS/GLN_Rev4.12.0_PG1.1/Supercede_templates/OASIS_LRBavid_h_make
Overwrite C:/Development/intel/tpapps/CorTeX/OASIS/GLN_Rev4.12.0_PG1.1/Supercede_templates/OASIS_LRBavid_tt.rc
Overwrite C:/Development/intel/tpapps/CorTeX/OASIS/GLN_Rev4.12.0_PG1.1/Supercede_templates/OASIS_LRBavid_tt.vcproj
Overwrite C:/Development/intel/tpapps/CorTeX/OASIS/GLN_Rev4.12.0_PG1.1/Supercede_templates/OASIS_LRBdts_h_make
Overwrite C:/Development/intel/tpapps/CorTeX/OASIS/GLN_Rev4.12.0_PG1.1/Supercede_templates/OASIS_LRBdts_tt.rc
Overwrite C:/Development/intel/tpapps/CorTeX/OASIS/GLN_Rev4.12.0_PG1.1/Supercede_templates/OASIS_LRBdts_tt.vcproj
Overwrite C:/Development/intel/tpapps/CorTeX/OASIS/GLN_Rev4.12.0_PG1.1/Supercede_templates/OASIS_LRBFunc_h_make
Overwrite C:/Development/intel/tpapps/CorTeX/OASIS/GLN_Rev4.12.0_PG1.1/Supercede_templates/OASIS_LRBFunc_tt.rc
Overwrite C:/Development/intel/tpapps/CorTeX/OASIS/GLN_Rev4.12.0_PG1.1/Supercede_templates/OASIS_LRBFunc_tt.vcproj
Overwrite C:/Development/intel/tpapps/CorTeX/OASIS/GLN_Rev4.12.0_PG1.1/Supercede_templates/OASIS_LRBidvpro_h_make
Overwrite C:/Development/intel/tpapps/CorTeX/OASIS/GLN_Rev4.12.0_PG1.1/Supercede_templates/OASIS_LRBidvpro_tt.rc
Overwrite C:/Development/intel/tpapps/CorTeX/OASIS/GLN_Rev4.12.0_PG1.1/Supercede_templates/OASIS_LRBidvpro_tt.vcproj
Overwrite C:/Development/intel/tpapps/CorTeX/OASIS/GLN_Rev4.12.0_PG1.1/Supercede_templates/OASIS_LRBMinMaxTherm_h_make
Overwrite C:/Development/intel/tpapps/CorTeX/OASIS/GLN_Rev4.12.0_PG1.1/Supercede_templates/OASIS_LRBMinMaxTherm_tt.rc
Overwrite C:/Development/intel/tpapps/CorTeX/OASIS/GLN_Rev4.12.0_PG1.1/Supercede_templates/OASIS_LRBMinMaxTherm_tt.vcproj
Overwrite C:/Development/intel/tpapps/CorTeX/UFs/GLN_Rev4.12.0_PG1.1/src/DFF.vcproj
Overwrite C:/Development/intel/tpapps/CorTeX/UFs/GLN_Rev4.12.0_PG1.1/src/L2Map.vcproj
Overwrite C:/Development/intel/tpapps/CorTeX/UFs/GLN_Rev4.12.0_PG1.1/src/PatModify.vcproj
Overwrite C:/Development/intel/tpapps/CorTeX/UFs/GLN_Rev4.12.0_PG1.1/src/Scoreboard_32Core_UF.vcproj
