Overwrite C:/Development/intel/tpapps/CorTeX/GEN/GLN_Rev4.12.0_PG1.1/nhm/src/code/Evergreen_GEN_Code.vcproj
Overwrite C:/Development/intel/tpapps/CorTeX/GEN/GLN_Rev4.12.0_PG1.1/nhm/src/templates/GEN_bistDecode_tt.rc
Overwrite C:/Development/intel/tpapps/CorTeX/GEN/GLN_Rev4.12.0_PG1.1/nhm/src/templates/GEN_bistDecode_tt.vcproj
Overwrite C:/Development/intel/tpapps/CorTeX/GEN/GLN_Rev4.12.0_PG1.1/nhm/src/templates/GEN_capmemdump_tt.rc
Overwrite C:/Development/intel/tpapps/CorTeX/GEN/GLN_Rev4.12.0_PG1.1/nhm/src/templates/GEN_capmemdump_tt.vcproj
Overwrite C:/Development/intel/tpapps/CorTeX/GEN/GLN_Rev4.12.0_PG1.1/nhm/src/templates/GEN_ChipOnTiu_tt.rc
Overwrite C:/Development/intel/tpapps/CorTeX/GEN/GLN_Rev4.12.0_PG1.1/nhm/src/templates/GEN_ChipOnTiu_tt.vcproj
Overwrite C:/Development/intel/tpapps/CorTeX/GEN/GLN_Rev4.12.0_PG1.1/nhm/src/templates/GEN_cmemDecode_tt.rc
Overwrite C:/Development/intel/tpapps/CorTeX/GEN/GLN_Rev4.12.0_PG1.1/nhm/src/templates/GEN_cmemDecode_tt.vcproj
Overwrite C:/Development/intel/tpapps/CorTeX/GEN/GLN_Rev4.12.0_PG1.1/nhm/src/templates/GEN_dccurve_tt.rc
Overwrite C:/Development/intel/tpapps/CorTeX/GEN/GLN_Rev4.12.0_PG1.1/nhm/src/templates/GEN_dccurve_tt.vcproj
Overwrite C:/Development/intel/tpapps/CorTeX/GEN/GLN_Rev4.12.0_PG1.1/nhm/src/templates/GEN_dts_tt.rc
Overwrite C:/Development/intel/tpapps/CorTeX/GEN/GLN_Rev4.12.0_PG1.1/nhm/src/templates/GEN_dts_tt.vcproj
Overwrite C:/Development/intel/tpapps/CorTeX/GEN/GLN_Rev4.12.0_PG1.1/nhm/src/templates/GEN_EDM_tt.rc
Overwrite C:/Development/intel/tpapps/CorTeX/GEN/GLN_Rev4.12.0_PG1.1/nhm/src/templates/GEN_EDM_tt.vcproj
Overwrite C:/Development/intel/tpapps/CorTeX/GEN/GLN_Rev4.12.0_PG1.1/nhm/src/templates/GEN_EPCS_tt.rc
Overwrite C:/Development/intel/tpapps/CorTeX/GEN/GLN_Rev4.12.0_PG1.1/nhm/src/templates/GEN_EPCS_tt.vcproj
Overwrite C:/Development/intel/tpapps/CorTeX/GEN/GLN_Rev4.12.0_PG1.1/nhm/src/templates/GEN_fuseBurn_tt.rc
Overwrite C:/Development/intel/tpapps/CorTeX/GEN/GLN_Rev4.12.0_PG1.1/nhm/src/templates/GEN_fuseBurn_tt.vcproj
Overwrite C:/Development/intel/tpapps/CorTeX/GEN/GLN_Rev4.12.0_PG1.1/nhm/src/templates/GEN_fuseConfig_tt.rc
Overwrite C:/Development/intel/tpapps/CorTeX/GEN/GLN_Rev4.12.0_PG1.1/nhm/src/templates/GEN_fuseConfig_tt.vcproj
Overwrite C:/Development/intel/tpapps/CorTeX/GEN/GLN_Rev4.12.0_PG1.1/nhm/src/templates/GEN_fuseRead_tt.rc
Overwrite C:/Development/intel/tpapps/CorTeX/GEN/GLN_Rev4.12.0_PG1.1/nhm/src/templates/GEN_fuseRead_tt.vcproj
Overwrite C:/Development/intel/tpapps/CorTeX/GEN/GLN_Rev4.12.0_PG1.1/nhm/src/templates/GEN_GPIBGenericClient_tt.rc
Overwrite C:/Development/intel/tpapps/CorTeX/GEN/GLN_Rev4.12.0_PG1.1/nhm/src/templates/GEN_GPIBGenericClient_tt.vcproj
Overwrite C:/Development/intel/tpapps/CorTeX/GEN/GLN_Rev4.12.0_PG1.1/nhm/src/templates/GEN_GPIBTempClient_tt.rc
Overwrite C:/Development/intel/tpapps/CorTeX/GEN/GLN_Rev4.12.0_PG1.1/nhm/src/templates/GEN_GPIBTempClient_tt.vcproj
Overwrite C:/Development/intel/tpapps/CorTeX/GEN/GLN_Rev4.12.0_PG1.1/nhm/src/templates/GEN_idvpro_tt.rc
Overwrite C:/Development/intel/tpapps/CorTeX/GEN/GLN_Rev4.12.0_PG1.1/nhm/src/templates/GEN_idvpro_tt.vcproj
Overwrite C:/Development/intel/tpapps/CorTeX/GEN/GLN_Rev4.12.0_PG1.1/nhm/src/templates/GEN_IOCSIEye_tt.rc
Overwrite C:/Development/intel/tpapps/CorTeX/GEN/GLN_Rev4.12.0_PG1.1/nhm/src/templates/GEN_IOCSIEye_tt.vcproj
Overwrite C:/Development/intel/tpapps/CorTeX/GEN/GLN_Rev4.12.0_PG1.1/nhm/src/templates/GEN_IOCSIRxCM_tt.rc
Overwrite C:/Development/intel/tpapps/CorTeX/GEN/GLN_Rev4.12.0_PG1.1/nhm/src/templates/GEN_IOCSIRxCM_tt.vcproj
Overwrite C:/Development/intel/tpapps/CorTeX/GEN/GLN_Rev4.12.0_PG1.1/nhm/src/templates/GEN_IOCSIRxJitter_tt.rc
Overwrite C:/Development/intel/tpapps/CorTeX/GEN/GLN_Rev4.12.0_PG1.1/nhm/src/templates/GEN_IOCSIRxJitter_tt.vcproj
Overwrite C:/Development/intel/tpapps/CorTeX/GEN/GLN_Rev4.12.0_PG1.1/nhm/src/templates/GEN_IOCSITxCM_tt.rc
Overwrite C:/Development/intel/tpapps/CorTeX/GEN/GLN_Rev4.12.0_PG1.1/nhm/src/templates/GEN_IOCSITxCM_tt.vcproj
Overwrite C:/Development/intel/tpapps/CorTeX/GEN/GLN_Rev4.12.0_PG1.1/nhm/src/templates/GEN_IPO_tt.rc
Overwrite C:/Development/intel/tpapps/CorTeX/GEN/GLN_Rev4.12.0_PG1.1/nhm/src/templates/GEN_IPO_tt.vcproj
Overwrite C:/Development/intel/tpapps/CorTeX/GEN/GLN_Rev4.12.0_PG1.1/nhm/src/templates/GEN_LdatRaster_tt.rc
Overwrite C:/Development/intel/tpapps/CorTeX/GEN/GLN_Rev4.12.0_PG1.1/nhm/src/templates/GEN_LdatRaster_tt.vcproj
Overwrite C:/Development/intel/tpapps/CorTeX/GEN/GLN_Rev4.12.0_PG1.1/nhm/src/templates/GEN_padscan_tt.rc
Overwrite C:/Development/intel/tpapps/CorTeX/GEN/GLN_Rev4.12.0_PG1.1/nhm/src/templates/GEN_padscan_tt.vcproj
Overwrite C:/Development/intel/tpapps/CorTeX/GEN/GLN_Rev4.12.0_PG1.1/nhm/src/templates/GEN_PcuTherm_tt.rc
Overwrite C:/Development/intel/tpapps/CorTeX/GEN/GLN_Rev4.12.0_PG1.1/nhm/src/templates/GEN_PcuTherm_tt.vcproj
Overwrite C:/Development/intel/tpapps/CorTeX/GEN/GLN_Rev4.12.0_PG1.1/nhm/src/templates/GEN_pgt_continuity_tt.rc
Overwrite C:/Development/intel/tpapps/CorTeX/GEN/GLN_Rev4.12.0_PG1.1/nhm/src/templates/GEN_pgt_continuity_tt.vcproj
Overwrite C:/Development/intel/tpapps/CorTeX/GEN/GLN_Rev4.12.0_PG1.1/nhm/src/templates/GEN_pgt_resistance_tt.rc
Overwrite C:/Development/intel/tpapps/CorTeX/GEN/GLN_Rev4.12.0_PG1.1/nhm/src/templates/GEN_pgt_resistance_tt.vcproj
Overwrite C:/Development/intel/tpapps/CorTeX/GEN/GLN_Rev4.12.0_PG1.1/nhm/src/templates/GEN_PllLockTime_tt.rc
Overwrite C:/Development/intel/tpapps/CorTeX/GEN/GLN_Rev4.12.0_PG1.1/nhm/src/templates/GEN_PllLockTime_tt.vcproj
Overwrite C:/Development/intel/tpapps/CorTeX/GEN/GLN_Rev4.12.0_PG1.1/nhm/src/templates/GEN_ppf_tt.rc
Overwrite C:/Development/intel/tpapps/CorTeX/GEN/GLN_Rev4.12.0_PG1.1/nhm/src/templates/GEN_ppf_tt.vcproj
Overwrite C:/Development/intel/tpapps/CorTeX/GEN/GLN_Rev4.12.0_PG1.1/nhm/src/templates/GEN_refsearch_tt.rc
Overwrite C:/Development/intel/tpapps/CorTeX/GEN/GLN_Rev4.12.0_PG1.1/nhm/src/templates/GEN_refsearch_tt.vcproj
Overwrite C:/Development/intel/tpapps/CorTeX/GEN/GLN_Rev4.12.0_PG1.1/nhm/src/templates/GEN_RRL_tt.rc
Overwrite C:/Development/intel/tpapps/CorTeX/GEN/GLN_Rev4.12.0_PG1.1/nhm/src/templates/GEN_RRL_tt.vcproj
Overwrite C:/Development/intel/tpapps/CorTeX/GEN/GLN_Rev4.12.0_PG1.1/nhm/src/templates/GEN_SDRW_tt.rc
Overwrite C:/Development/intel/tpapps/CorTeX/GEN/GLN_Rev4.12.0_PG1.1/nhm/src/templates/GEN_SDRW_tt.vcproj
Overwrite C:/Development/intel/tpapps/CorTeX/GEN/GLN_Rev4.12.0_PG1.1/nhm/src/templates/GEN_SEDC_tt.rc
Overwrite C:/Development/intel/tpapps/CorTeX/GEN/GLN_Rev4.12.0_PG1.1/nhm/src/templates/GEN_SEDC_tt.vcproj
Overwrite C:/Development/intel/tpapps/CorTeX/GEN/GLN_Rev4.12.0_PG1.1/nhm/src/templates/GEN_switchSignature_tt.rc
Overwrite C:/Development/intel/tpapps/CorTeX/GEN/GLN_Rev4.12.0_PG1.1/nhm/src/templates/GEN_switchSignature_tt.vcproj
Overwrite C:/Development/intel/tpapps/CorTeX/GEN/GLN_Rev4.12.0_PG1.1/nhm/src/templates/GEN_thermalDiode_tt.rc
Overwrite C:/Development/intel/tpapps/CorTeX/GEN/GLN_Rev4.12.0_PG1.1/nhm/src/templates/GEN_thermalDiode_tt.vcproj
Overwrite C:/Development/intel/tpapps/CorTeX/GEN/GLN_Rev4.12.0_PG1.1/nhm/src/templates/GEN_thermalThrottleOffset_tt.rc
Overwrite C:/Development/intel/tpapps/CorTeX/GEN/GLN_Rev4.12.0_PG1.1/nhm/src/templates/GEN_thermalThrottleOffset_tt.vcproj
Overwrite C:/Development/intel/tpapps/CorTeX/GEN/GLN_Rev4.12.0_PG1.1/nhm/src/templates/GEN_thermalThrottle_tt.rc
Overwrite C:/Development/intel/tpapps/CorTeX/GEN/GLN_Rev4.12.0_PG1.1/nhm/src/templates/GEN_thermalThrottle_tt.vcproj
Overwrite C:/Development/intel/tpapps/CorTeX/GEN/GLN_Rev4.12.0_PG1.1/nhm/src/templates/GEN_TMM_avid_tt.rc
Overwrite C:/Development/intel/tpapps/CorTeX/GEN/GLN_Rev4.12.0_PG1.1/nhm/src/templates/GEN_TMM_avid_tt.vcproj
Overwrite C:/Development/intel/tpapps/CorTeX/GEN/GLN_Rev4.12.0_PG1.1/nhm/src/templates/GEN_VixVox_tt.rc
Overwrite C:/Development/intel/tpapps/CorTeX/GEN/GLN_Rev4.12.0_PG1.1/nhm/src/templates/GEN_VixVox_tt.vcproj
Overwrite C:/Development/intel/tpapps/CorTeX/GEN/GLN_Rev4.12.0_PG1.1/nhm/src/templates/GEN_XGdiode_tt.rc
Overwrite C:/Development/intel/tpapps/CorTeX/GEN/GLN_Rev4.12.0_PG1.1/nhm/src/templates/GEN_XGdiode_tt.vcproj
Overwrite C:/Development/intel/tpapps/CorTeX/OASIS/GLN_Rev4.12.0_PG1.1/nhm/src/code/Evergreen_OASIS_Code.vcproj
Overwrite C:/Development/intel/tpapps/CorTeX/OASIS/GLN_Rev4.12.0_PG1.1/nhm/src/templates/OASIS_bistDecode_h_make
Overwrite C:/Development/intel/tpapps/CorTeX/OASIS/GLN_Rev4.12.0_PG1.1/nhm/src/templates/OASIS_bistDecode_tt.rc
Overwrite C:/Development/intel/tpapps/CorTeX/OASIS/GLN_Rev4.12.0_PG1.1/nhm/src/templates/OASIS_bistDecode_tt.vcproj
Overwrite C:/Development/intel/tpapps/CorTeX/OASIS/GLN_Rev4.12.0_PG1.1/nhm/src/templates/OASIS_capmemdump_h_make
Overwrite C:/Development/intel/tpapps/CorTeX/OASIS/GLN_Rev4.12.0_PG1.1/nhm/src/templates/OASIS_capmemdump_tt.rc
Overwrite C:/Development/intel/tpapps/CorTeX/OASIS/GLN_Rev4.12.0_PG1.1/nhm/src/templates/OASIS_capmemdump_tt.vcproj
Overwrite C:/Development/intel/tpapps/CorTeX/OASIS/GLN_Rev4.12.0_PG1.1/nhm/src/templates/OASIS_ChipOnTiu_h_make
Overwrite C:/Development/intel/tpapps/CorTeX/OASIS/GLN_Rev4.12.0_PG1.1/nhm/src/templates/OASIS_ChipOnTiu_tt.rc
Overwrite C:/Development/intel/tpapps/CorTeX/OASIS/GLN_Rev4.12.0_PG1.1/nhm/src/templates/OASIS_ChipOnTiu_tt.vcproj
Overwrite C:/Development/intel/tpapps/CorTeX/OASIS/GLN_Rev4.12.0_PG1.1/nhm/src/templates/OASIS_cmemDecode_h_make
Overwrite C:/Development/intel/tpapps/CorTeX/OASIS/GLN_Rev4.12.0_PG1.1/nhm/src/templates/OASIS_cmemDecode_tt.rc
Overwrite C:/Development/intel/tpapps/CorTeX/OASIS/GLN_Rev4.12.0_PG1.1/nhm/src/templates/OASIS_cmemDecode_tt.vcproj
Overwrite C:/Development/intel/tpapps/CorTeX/OASIS/GLN_Rev4.12.0_PG1.1/nhm/src/templates/OASIS_dccurve_h_make
Overwrite C:/Development/intel/tpapps/CorTeX/OASIS/GLN_Rev4.12.0_PG1.1/nhm/src/templates/OASIS_dccurve_tt.rc
Overwrite C:/Development/intel/tpapps/CorTeX/OASIS/GLN_Rev4.12.0_PG1.1/nhm/src/templates/OASIS_dccurve_tt.vcproj
Overwrite C:/Development/intel/tpapps/CorTeX/OASIS/GLN_Rev4.12.0_PG1.1/nhm/src/templates/OASIS_dts_h_make
Overwrite C:/Development/intel/tpapps/CorTeX/OASIS/GLN_Rev4.12.0_PG1.1/nhm/src/templates/OASIS_dts_tt.rc
Overwrite C:/Development/intel/tpapps/CorTeX/OASIS/GLN_Rev4.12.0_PG1.1/nhm/src/templates/OASIS_dts_tt.vcproj
Overwrite C:/Development/intel/tpapps/CorTeX/OASIS/GLN_Rev4.12.0_PG1.1/nhm/src/templates/OASIS_EDM_h_make
Overwrite C:/Development/intel/tpapps/CorTeX/OASIS/GLN_Rev4.12.0_PG1.1/nhm/src/templates/OASIS_EDM_tt.rc
Overwrite C:/Development/intel/tpapps/CorTeX/OASIS/GLN_Rev4.12.0_PG1.1/nhm/src/templates/OASIS_EDM_tt.vcproj
Overwrite C:/Development/intel/tpapps/CorTeX/OASIS/GLN_Rev4.12.0_PG1.1/nhm/src/templates/OASIS_EPCS_h_make
Overwrite C:/Development/intel/tpapps/CorTeX/OASIS/GLN_Rev4.12.0_PG1.1/nhm/src/templates/OASIS_EPCS_tt.rc
Overwrite C:/Development/intel/tpapps/CorTeX/OASIS/GLN_Rev4.12.0_PG1.1/nhm/src/templates/OASIS_EPCS_tt.vcproj
Overwrite C:/Development/intel/tpapps/CorTeX/OASIS/GLN_Rev4.12.0_PG1.1/nhm/src/templates/OASIS_fuseBurn_h_make
Overwrite C:/Development/intel/tpapps/CorTeX/OASIS/GLN_Rev4.12.0_PG1.1/nhm/src/templates/OASIS_fuseBurn_tt.rc
Overwrite C:/Development/intel/tpapps/CorTeX/OASIS/GLN_Rev4.12.0_PG1.1/nhm/src/templates/OASIS_fuseBurn_tt.vcproj
Overwrite C:/Development/intel/tpapps/CorTeX/OASIS/GLN_Rev4.12.0_PG1.1/nhm/src/templates/OASIS_fuseConfig_h_make
Overwrite C:/Development/intel/tpapps/CorTeX/OASIS/GLN_Rev4.12.0_PG1.1/nhm/src/templates/OASIS_fuseConfig_tt.rc
Overwrite C:/Development/intel/tpapps/CorTeX/OASIS/GLN_Rev4.12.0_PG1.1/nhm/src/templates/OASIS_fuseConfig_tt.vcproj
Overwrite C:/Development/intel/tpapps/CorTeX/OASIS/GLN_Rev4.12.0_PG1.1/nhm/src/templates/OASIS_fuseRead_h_make
Overwrite C:/Development/intel/tpapps/CorTeX/OASIS/GLN_Rev4.12.0_PG1.1/nhm/src/templates/OASIS_fuseRead_tt.rc
Overwrite C:/Development/intel/tpapps/CorTeX/OASIS/GLN_Rev4.12.0_PG1.1/nhm/src/templates/OASIS_fuseRead_tt.vcproj
Overwrite C:/Development/intel/tpapps/CorTeX/OASIS/GLN_Rev4.12.0_PG1.1/nhm/src/templates/OASIS_GPIBGenericClient_h_make
Overwrite C:/Development/intel/tpapps/CorTeX/OASIS/GLN_Rev4.12.0_PG1.1/nhm/src/templates/OASIS_GPIBGenericClient_tt.rc
Overwrite C:/Development/intel/tpapps/CorTeX/OASIS/GLN_Rev4.12.0_PG1.1/nhm/src/templates/OASIS_GPIBGenericClient_tt.vcproj
Overwrite C:/Development/intel/tpapps/CorTeX/OASIS/GLN_Rev4.12.0_PG1.1/nhm/src/templates/OASIS_GPIBTempClient_h_make
Overwrite C:/Development/intel/tpapps/CorTeX/OASIS/GLN_Rev4.12.0_PG1.1/nhm/src/templates/OASIS_GPIBTempClient_tt.rc
Overwrite C:/Development/intel/tpapps/CorTeX/OASIS/GLN_Rev4.12.0_PG1.1/nhm/src/templates/OASIS_GPIBTempClient_tt.vcproj
Overwrite C:/Development/intel/tpapps/CorTeX/OASIS/GLN_Rev4.12.0_PG1.1/nhm/src/templates/OASIS_idvpro_h_make
Overwrite C:/Development/intel/tpapps/CorTeX/OASIS/GLN_Rev4.12.0_PG1.1/nhm/src/templates/OASIS_idvpro_tt.rc
Overwrite C:/Development/intel/tpapps/CorTeX/OASIS/GLN_Rev4.12.0_PG1.1/nhm/src/templates/OASIS_idvpro_tt.vcproj
Overwrite C:/Development/intel/tpapps/CorTeX/OASIS/GLN_Rev4.12.0_PG1.1/nhm/src/templates/OASIS_IOCSIEye_h_make
Overwrite C:/Development/intel/tpapps/CorTeX/OASIS/GLN_Rev4.12.0_PG1.1/nhm/src/templates/OASIS_IOCSIEye_tt.rc
Overwrite C:/Development/intel/tpapps/CorTeX/OASIS/GLN_Rev4.12.0_PG1.1/nhm/src/templates/OASIS_IOCSIEye_tt.vcproj
Overwrite C:/Development/intel/tpapps/CorTeX/OASIS/GLN_Rev4.12.0_PG1.1/nhm/src/templates/OASIS_IOCSIRxCM_h_make
Overwrite C:/Development/intel/tpapps/CorTeX/OASIS/GLN_Rev4.12.0_PG1.1/nhm/src/templates/OASIS_IOCSIRxCM_tt.rc
Overwrite C:/Development/intel/tpapps/CorTeX/OASIS/GLN_Rev4.12.0_PG1.1/nhm/src/templates/OASIS_IOCSIRxCM_tt.vcproj
Overwrite C:/Development/intel/tpapps/CorTeX/OASIS/GLN_Rev4.12.0_PG1.1/nhm/src/templates/OASIS_IOCSIRxJitter_h_make
Overwrite C:/Development/intel/tpapps/CorTeX/OASIS/GLN_Rev4.12.0_PG1.1/nhm/src/templates/OASIS_IOCSIRxJitter_tt.rc
Overwrite C:/Development/intel/tpapps/CorTeX/OASIS/GLN_Rev4.12.0_PG1.1/nhm/src/templates/OASIS_IOCSIRxJitter_tt.vcproj
Overwrite C:/Development/intel/tpapps/CorTeX/OASIS/GLN_Rev4.12.0_PG1.1/nhm/src/templates/OASIS_IOCSITxCM_h_make
Overwrite C:/Development/intel/tpapps/CorTeX/OASIS/GLN_Rev4.12.0_PG1.1/nhm/src/templates/OASIS_IOCSITxCM_tt.rc
Overwrite C:/Development/intel/tpapps/CorTeX/OASIS/GLN_Rev4.12.0_PG1.1/nhm/src/templates/OASIS_IOCSITxCM_tt.vcproj
Overwrite C:/Development/intel/tpapps/CorTeX/OASIS/GLN_Rev4.12.0_PG1.1/nhm/src/templates/OASIS_IPO_h_make
Overwrite C:/Development/intel/tpapps/CorTeX/OASIS/GLN_Rev4.12.0_PG1.1/nhm/src/templates/OASIS_IPO_tt.rc
Overwrite C:/Development/intel/tpapps/CorTeX/OASIS/GLN_Rev4.12.0_PG1.1/nhm/src/templates/OASIS_IPO_tt.vcproj
Overwrite C:/Development/intel/tpapps/CorTeX/OASIS/GLN_Rev4.12.0_PG1.1/nhm/src/templates/OASIS_LdatRaster_h_make
Overwrite C:/Development/intel/tpapps/CorTeX/OASIS/GLN_Rev4.12.0_PG1.1/nhm/src/templates/OASIS_LdatRaster_tt.rc
Overwrite C:/Development/intel/tpapps/CorTeX/OASIS/GLN_Rev4.12.0_PG1.1/nhm/src/templates/OASIS_LdatRaster_tt.vcproj
Overwrite C:/Development/intel/tpapps/CorTeX/OASIS/GLN_Rev4.12.0_PG1.1/nhm/src/templates/OASIS_NHMAVID_h_make
Overwrite C:/Development/intel/tpapps/CorTeX/OASIS/GLN_Rev4.12.0_PG1.1/nhm/src/templates/OASIS_NHMAVID_tt.rc
Overwrite C:/Development/intel/tpapps/CorTeX/OASIS/GLN_Rev4.12.0_PG1.1/nhm/src/templates/OASIS_NHMAVID_tt.vcproj
Overwrite C:/Development/intel/tpapps/CorTeX/OASIS/GLN_Rev4.12.0_PG1.1/nhm/src/templates/OASIS_padscan_h_make
Overwrite C:/Development/intel/tpapps/CorTeX/OASIS/GLN_Rev4.12.0_PG1.1/nhm/src/templates/OASIS_padscan_tt.rc
Overwrite C:/Development/intel/tpapps/CorTeX/OASIS/GLN_Rev4.12.0_PG1.1/nhm/src/templates/OASIS_padscan_tt.vcproj
Overwrite C:/Development/intel/tpapps/CorTeX/OASIS/GLN_Rev4.12.0_PG1.1/nhm/src/templates/OASIS_PcuTherm_h_make
Overwrite C:/Development/intel/tpapps/CorTeX/OASIS/GLN_Rev4.12.0_PG1.1/nhm/src/templates/OASIS_PcuTherm_tt.rc
Overwrite C:/Development/intel/tpapps/CorTeX/OASIS/GLN_Rev4.12.0_PG1.1/nhm/src/templates/OASIS_PcuTherm_tt.vcproj
Overwrite C:/Development/intel/tpapps/CorTeX/OASIS/GLN_Rev4.12.0_PG1.1/nhm/src/templates/OASIS_pgt_continuity_h_make
Overwrite C:/Development/intel/tpapps/CorTeX/OASIS/GLN_Rev4.12.0_PG1.1/nhm/src/templates/OASIS_pgt_continuity_tt.rc
Overwrite C:/Development/intel/tpapps/CorTeX/OASIS/GLN_Rev4.12.0_PG1.1/nhm/src/templates/OASIS_pgt_continuity_tt.vcproj
Overwrite C:/Development/intel/tpapps/CorTeX/OASIS/GLN_Rev4.12.0_PG1.1/nhm/src/templates/OASIS_pgt_resistance_h_make
Overwrite C:/Development/intel/tpapps/CorTeX/OASIS/GLN_Rev4.12.0_PG1.1/nhm/src/templates/OASIS_pgt_resistance_tt.rc
Overwrite C:/Development/intel/tpapps/CorTeX/OASIS/GLN_Rev4.12.0_PG1.1/nhm/src/templates/OASIS_pgt_resistance_tt.vcproj
Overwrite C:/Development/intel/tpapps/CorTeX/OASIS/GLN_Rev4.12.0_PG1.1/nhm/src/templates/OASIS_PllLockTime_h_make
Overwrite C:/Development/intel/tpapps/CorTeX/OASIS/GLN_Rev4.12.0_PG1.1/nhm/src/templates/OASIS_PllLockTime_tt.rc
Overwrite C:/Development/intel/tpapps/CorTeX/OASIS/GLN_Rev4.12.0_PG1.1/nhm/src/templates/OASIS_PllLockTime_tt.vcproj
Overwrite C:/Development/intel/tpapps/CorTeX/OASIS/GLN_Rev4.12.0_PG1.1/nhm/src/templates/OASIS_ppf_h_make
Overwrite C:/Development/intel/tpapps/CorTeX/OASIS/GLN_Rev4.12.0_PG1.1/nhm/src/templates/OASIS_ppf_tt.rc
Overwrite C:/Development/intel/tpapps/CorTeX/OASIS/GLN_Rev4.12.0_PG1.1/nhm/src/templates/OASIS_ppf_tt.vcproj
Overwrite C:/Development/intel/tpapps/CorTeX/OASIS/GLN_Rev4.12.0_PG1.1/nhm/src/templates/OASIS_RapTTR_h_make
Overwrite C:/Development/intel/tpapps/CorTeX/OASIS/GLN_Rev4.12.0_PG1.1/nhm/src/templates/OASIS_RapTTR_tt.rc
Overwrite C:/Development/intel/tpapps/CorTeX/OASIS/GLN_Rev4.12.0_PG1.1/nhm/src/templates/OASIS_RapTTR_tt.vcproj
Overwrite C:/Development/intel/tpapps/CorTeX/OASIS/GLN_Rev4.12.0_PG1.1/nhm/src/templates/OASIS_refsearch_h_make
Overwrite C:/Development/intel/tpapps/CorTeX/OASIS/GLN_Rev4.12.0_PG1.1/nhm/src/templates/OASIS_refsearch_tt.rc
Overwrite C:/Development/intel/tpapps/CorTeX/OASIS/GLN_Rev4.12.0_PG1.1/nhm/src/templates/OASIS_refsearch_tt.vcproj
Overwrite C:/Development/intel/tpapps/CorTeX/OASIS/GLN_Rev4.12.0_PG1.1/nhm/src/templates/OASIS_RRL_h_make
Overwrite C:/Development/intel/tpapps/CorTeX/OASIS/GLN_Rev4.12.0_PG1.1/nhm/src/templates/OASIS_RRL_tt.rc
Overwrite C:/Development/intel/tpapps/CorTeX/OASIS/GLN_Rev4.12.0_PG1.1/nhm/src/templates/OASIS_RRL_tt.vcproj
Overwrite C:/Development/intel/tpapps/CorTeX/OASIS/GLN_Rev4.12.0_PG1.1/nhm/src/templates/OASIS_SDRW_h_make
Overwrite C:/Development/intel/tpapps/CorTeX/OASIS/GLN_Rev4.12.0_PG1.1/nhm/src/templates/OASIS_SDRW_tt.rc
Overwrite C:/Development/intel/tpapps/CorTeX/OASIS/GLN_Rev4.12.0_PG1.1/nhm/src/templates/OASIS_SDRW_tt.vcproj
Overwrite C:/Development/intel/tpapps/CorTeX/OASIS/GLN_Rev4.12.0_PG1.1/nhm/src/templates/OASIS_SEDC_h_make
Overwrite C:/Development/intel/tpapps/CorTeX/OASIS/GLN_Rev4.12.0_PG1.1/nhm/src/templates/OASIS_SEDC_tt.rc
Overwrite C:/Development/intel/tpapps/CorTeX/OASIS/GLN_Rev4.12.0_PG1.1/nhm/src/templates/OASIS_SEDC_tt.vcproj
Overwrite C:/Development/intel/tpapps/CorTeX/OASIS/GLN_Rev4.12.0_PG1.1/nhm/src/templates/OASIS_switchSignature_h_make
Overwrite C:/Development/intel/tpapps/CorTeX/OASIS/GLN_Rev4.12.0_PG1.1/nhm/src/templates/OASIS_switchSignature_tt.rc
Overwrite C:/Development/intel/tpapps/CorTeX/OASIS/GLN_Rev4.12.0_PG1.1/nhm/src/templates/OASIS_switchSignature_tt.vcproj
Overwrite C:/Development/intel/tpapps/CorTeX/OASIS/GLN_Rev4.12.0_PG1.1/nhm/src/templates/OASIS_sysCInstallGpibServer_h_make
Overwrite C:/Development/intel/tpapps/CorTeX/OASIS/GLN_Rev4.12.0_PG1.1/nhm/src/templates/OASIS_sysCInstallGpibServer_tt.rc
Overwrite C:/Development/intel/tpapps/CorTeX/OASIS/GLN_Rev4.12.0_PG1.1/nhm/src/templates/OASIS_sysCInstallGpibServer_tt.vcproj
Overwrite C:/Development/intel/tpapps/CorTeX/OASIS/GLN_Rev4.12.0_PG1.1/nhm/src/templates/OASIS_thermalDiode_h_make
Overwrite C:/Development/intel/tpapps/CorTeX/OASIS/GLN_Rev4.12.0_PG1.1/nhm/src/templates/OASIS_thermalDiode_tt.rc
Overwrite C:/Development/intel/tpapps/CorTeX/OASIS/GLN_Rev4.12.0_PG1.1/nhm/src/templates/OASIS_thermalDiode_tt.vcproj
Overwrite C:/Development/intel/tpapps/CorTeX/OASIS/GLN_Rev4.12.0_PG1.1/nhm/src/templates/OASIS_thermalThrottleOffset_h_make
Overwrite C:/Development/intel/tpapps/CorTeX/OASIS/GLN_Rev4.12.0_PG1.1/nhm/src/templates/OASIS_thermalThrottleOffset_tt.rc
Overwrite C:/Development/intel/tpapps/CorTeX/OASIS/GLN_Rev4.12.0_PG1.1/nhm/src/templates/OASIS_thermalThrottleOffset_tt.vcproj
Overwrite C:/Development/intel/tpapps/CorTeX/OASIS/GLN_Rev4.12.0_PG1.1/nhm/src/templates/OASIS_thermalThrottle_h_make
Overwrite C:/Development/intel/tpapps/CorTeX/OASIS/GLN_Rev4.12.0_PG1.1/nhm/src/templates/OASIS_thermalThrottle_tt.rc
Overwrite C:/Development/intel/tpapps/CorTeX/OASIS/GLN_Rev4.12.0_PG1.1/nhm/src/templates/OASIS_thermalThrottle_tt.vcproj
Overwrite C:/Development/intel/tpapps/CorTeX/OASIS/GLN_Rev4.12.0_PG1.1/nhm/src/templates/OASIS_TMM_avid_h_make
Overwrite C:/Development/intel/tpapps/CorTeX/OASIS/GLN_Rev4.12.0_PG1.1/nhm/src/templates/OASIS_TMM_avid_tt.rc
Overwrite C:/Development/intel/tpapps/CorTeX/OASIS/GLN_Rev4.12.0_PG1.1/nhm/src/templates/OASIS_TMM_avid_tt.vcproj
Overwrite C:/Development/intel/tpapps/CorTeX/OASIS/GLN_Rev4.12.0_PG1.1/nhm/src/templates/OASIS_VixVox_h_make
Overwrite C:/Development/intel/tpapps/CorTeX/OASIS/GLN_Rev4.12.0_PG1.1/nhm/src/templates/OASIS_VixVox_tt.rc
Overwrite C:/Development/intel/tpapps/CorTeX/OASIS/GLN_Rev4.12.0_PG1.1/nhm/src/templates/OASIS_VixVox_tt.vcproj
Overwrite C:/Development/intel/tpapps/CorTeX/OASIS/GLN_Rev4.12.0_PG1.1/nhm/src/templates/OASIS_XGdiode_h_make
Overwrite C:/Development/intel/tpapps/CorTeX/OASIS/GLN_Rev4.12.0_PG1.1/nhm/src/templates/OASIS_XGdiode_tt.rc
Overwrite C:/Development/intel/tpapps/CorTeX/OASIS/GLN_Rev4.12.0_PG1.1/nhm/src/templates/OASIS_XGdiode_tt.vcproj
Overwrite C:/Development/intel/tpapps/CorTeX/UFs/GLN_Rev4.12.0_PG1.1/nhm/CPD-UF/CPD_UF.vcproj
Overwrite C:/Development/intel/tpapps/CorTeX/UFs/GLN_Rev4.12.0_PG1.1/nhm/hwi-ext/HWI_UF.vcproj
Overwrite C:/Development/intel/tpapps/CorTeX/UFs/GLN_Rev4.12.0_PG1.1/nhm/nhm-uf/NHM_UF.vcproj
