No Lot tested today - Mon Jul 26 13:00:15 2004
#Error binning and fusing at /db1/s9k/prod/LFOO123_6152 - 07/26/2004 14:31:30
#Found no error at /db1/s9k/prod/L426TB70_6152 - 07/26/2004 14:31:30
No Lot tested today - 07/26/2004 12:31:30
No Lot tested today - 07/26/2004 13:31:30
No Lot tested today - 07/26/2004 16:31:30
No Lot tested today - 07/25/2004 14:31:30
No Lot tested today - 07/28/2004 14:31:30
No Lot tested today - 07/26/2004 18:56:05
No Lot tested today - 07/26/2004 20:30:01
No Lot tested today - 07/26/2004 21:00:02
No Lot tested today - 07/26/2004 21:30:02
No Lot tested today - 07/26/2004 22:00:01
No Lot tested today - 07/26/2004 22:30:02
No Lot tested today - 07/26/2004 23:00:01
No Lot tested today - 07/26/2004 23:30:01
No Lot tested today - 07/27/2004 00:00:01
No Lot tested today - 07/27/2004 00:30:02
No Lot tested today - 07/27/2004 01:00:02
No Lot tested today - 07/27/2004 01:30:02
No Lot tested today - 07/27/2004 02:00:02
No Lot tested today - 07/27/2004 02:30:01
No Lot tested today - 07/27/2004 03:00:02
No Lot tested today - 07/27/2004 03:30:01
No Lot tested today - 07/27/2004 04:00:01
No Lot tested today - 07/27/2004 04:30:01
No Lot tested today - 07/27/2004 05:00:02
No Lot tested today - 07/27/2004 05:30:02
No Lot tested today - 07/27/2004 06:00:01
No Lot tested today - 07/27/2004 06:30:01
No Lot tested today - 07/27/2004 07:00:01
No Lot tested today - 07/27/2004 07:30:02
No Lot tested now - 07/27/2004 17:06:41
No Lot tested now - 07/27/2004 17:08:54
No Lot tested now - 07/27/2004 17:10:44
No Lot tested now - 07/27/2004 17:30:02
No Lot tested now - 07/27/2004 18:00:01
No Lot tested now - 07/27/2004 18:30:02
No Lot tested now - 07/27/2004 19:00:01
No Lot tested now - 07/27/2004 19:30:02
No Lot tested now - 07/27/2004 20:00:02
No Lot tested now - 07/27/2004 20:30:01
No Lot tested now - 07/27/2004 21:00:02
No Lot tested now - 07/27/2004 21:30:02
No Lot tested now - 07/27/2004 22:00:02
No Lot tested now - 07/28/2004 01:00:02
No Lot tested now - 07/28/2004 01:30:02
No Lot tested now - 07/28/2004 02:00:01
No Lot tested now - 07/28/2004 02:30:02
No Lot tested now - 07/28/2004 03:00:02
No Lot tested now - 07/28/2004 03:30:02
No Lot tested now - 07/28/2004 04:00:01
Found no error at /db1/s9k/prod/L4280365_6102 - 07/28/2004 04:30:02
No Lot tested now - 07/28/2004 05:00:01
No Lot tested now - 07/28/2004 05:30:01
No Lot tested now - 07/28/2004 06:00:01
No Lot tested now - 07/28/2004 06:30:01
No Lot tested now - 07/28/2004 07:00:01
No Lot tested now - 07/28/2004 07:04:48
No Lot tested now - 07/28/2004 07:11:10
Found no error at /db1/s9k/prod/L4280365_6102 - 07/28/2004 07:12:20
Found no error at /db1/s9k/prod/L4280365_6102 - 07/28/2004 07:14:32
Error binning and fusing at /db1/s9k/prod/LCFOO123_6152 - 07/28/2004 07:15:17
Found no error at /db1/s9k/prod/L4280365_6102 - 07/28/2004 07:15:17
Error binning and fusing at /db1/s9k/prod/LCFOO123_6152 - 07/28/2004 07:16:49
Found no error at /db1/s9k/prod/L4280365_6102 - 07/28/2004 07:16:49
Found no error at /db1/s9k/prod/L4280365_6102 - 07/28/2004 07:30:01
Found no error at /db1/s9k/prod/L4290389_6102 - 07/28/2004 07:30:01
No Lot tested now - 07/28/2004 07:35:50
No Lot tested now - 07/28/2004 07:39:19
No Lot tested now - 07/28/2004 07:41:10
Found no error at /db1/s9k/prod/L4280365_6102 - 07/28/2004 07:43:50
Found no error at /db1/s9k/prod/LGILA123_6102 - 07/28/2004 07:47:59
Found no error at /db1/s9k/prod/L4280365_6102 - 07/28/2004 07:47:59
Found no error at /db1/s9k/prod/L4280365_6102 - 07/28/2004 08:00:02
No Lot tested now - 07/28/2004 08:30:01
No Lot tested now - 07/28/2004 09:00:01
No Lot tested now - 07/28/2004 09:30:02
No Lot tested now - 07/28/2004 10:00:01
No Lot tested now - 07/28/2004 10:30:02
No Lot tested now - 07/28/2004 11:00:02
No Lot tested now - 07/28/2004 11:30:01
No Lot tested now - 07/28/2004 12:00:03
No Lot tested now - 07/28/2004 12:30:01
No Lot tested now - 07/28/2004 13:00:01
No Lot tested now - 07/28/2004 13:30:01
No Lot tested now - 07/28/2004 14:00:02
No Lot tested now - 07/28/2004 14:30:02
No Lot tested now - 07/28/2004 15:00:02
No Lot tested now - 07/28/2004 15:30:02
No Lot tested now - 07/28/2004 16:00:01
No Lot tested now - 07/28/2004 16:30:02
No Lot tested now - 07/28/2004 17:00:02
No Lot tested now - 07/28/2004 17:30:01
No Lot tested now - 07/28/2004 18:00:01
No Lot tested now - 07/28/2004 18:30:01
No Lot tested now - 07/28/2004 19:00:01
No Lot tested now - 07/28/2004 19:30:02
No Lot tested now - 07/28/2004 20:00:02
No Lot tested now - 07/28/2004 20:30:02
No Lot tested now - 07/28/2004 21:00:02
No Lot tested now - 07/28/2004 21:30:01
No Lot tested now - 07/28/2004 22:00:01
No Lot tested now - 07/28/2004 22:30:01
No Lot tested now - 07/28/2004 23:00:02
No Lot tested now - 07/28/2004 23:30:01
No Lot tested now - 07/29/2004 00:00:00
No Lot tested now - 07/29/2004 00:30:01
No Lot tested now - 07/29/2004 01:00:01
No Lot tested now - 07/29/2004 01:30:02
No Lot tested now - 07/29/2004 02:00:01
Found no error at /db1/s9k/prod/L4280341_6102 - 07/29/2004 02:30:02
No Lot tested now - 07/29/2004 03:00:02
No Lot tested now - 07/29/2004 03:30:01
No Lot tested now - 07/29/2004 04:00:01
No Lot tested now - 07/29/2004 04:30:01
No Lot tested now - 07/29/2004 05:00:01
Found no error at /db1/s9k/prod/L4280339_6102 - 07/29/2004 05:30:01
No Lot tested now - 07/29/2004 06:00:02
No Lot tested now - 07/29/2004 06:30:02
No Lot tested now - 07/29/2004 07:00:01
No Lot tested now - 07/29/2004 07:30:01
No Lot tested now - 07/29/2004 08:00:01
No Lot tested now - 07/29/2004 08:30:01
No Lot tested now - 07/29/2004 09:00:02
No Lot tested now - 07/29/2004 09:30:02
No Lot tested now - 07/29/2004 10:00:01
No Lot tested now - 07/29/2004 10:30:01
No Lot tested now - 07/29/2004 11:00:01
No Lot tested now - 07/29/2004 11:30:01
No Lot tested now - 07/29/2004 12:00:01
No Lot tested now - 07/29/2004 12:30:01
No Lot tested now - 07/29/2004 13:00:01
No Lot tested now - 07/29/2004 13:30:01
Error binning and fusing at /db1/s9k/prod/L4270364_6152 - 07/29/2004 13:39:37
Error binning and fusing at /db1/s9k/prod/L4270364_6152 - 07/29/2004 13:43:04
Found no error at /db1/s9k/prod/L4280339_6102 - 07/29/2004 13:43:04
Found no error at /db1/s9k/prod/L4280339_6102 - 07/29/2004 13:45:30
Found no error at /db1/s9k/prod/L4280339_6102 - 07/29/2004 14:00:01
No Lot tested now - 07/29/2004 14:30:01
No Lot tested now - 07/29/2004 15:00:01
No Lot tested now - 07/29/2004 15:30:01
No Lot tested now - 07/29/2004 16:00:01
No Lot tested now - 07/29/2004 16:30:01
No Lot tested now - 07/29/2004 17:00:01
No Lot tested now - 07/29/2004 17:30:01
No Lot tested now - 07/29/2004 18:00:02
No Lot tested now - 07/29/2004 18:30:01
No Lot tested now - 07/29/2004 19:00:01
No Lot tested now - 07/29/2004 19:30:01
No Lot tested now - 07/29/2004 20:00:02
No Lot tested now - 07/29/2004 20:15:06
No Lot tested now - 07/29/2004 20:30:01
No Lot tested now - 07/29/2004 21:00:01
No Lot tested now - 07/29/2004 21:30:01
No Lot tested now - 07/29/2004 22:00:01
No Lot tested now - 07/29/2004 22:30:02
No Lot tested now - 07/29/2004 23:00:01
No Lot tested now - 07/29/2004 23:30:02
No Lot tested now - 07/30/2004 00:00:01
No Lot tested now - 07/30/2004 00:30:01
No Lot tested now - 07/30/2004 01:00:02
No Lot tested now - 07/30/2004 01:30:02
No Lot tested now - 07/30/2004 02:00:01
No Lot tested now - 07/30/2004 02:30:01
No Lot tested now - 07/30/2004 03:00:02
Found no error at /db1/s9k/prod/L4290422_6102 - 07/30/2004 03:30:01
No Lot tested now - 07/30/2004 04:00:01
No Lot tested now - 07/30/2004 04:30:01
No Lot tested now - 07/30/2004 05:00:01
No Lot tested now - 07/30/2004 05:30:02
No Lot tested now - 07/30/2004 06:00:02
No Lot tested now - 07/30/2004 06:30:01
No Lot tested now - 07/30/2004 07:00:01
No Lot tested now - 07/30/2004 07:30:01
No Lot tested now - 07/30/2004 08:00:02
No Lot tested now - 07/30/2004 08:30:01
No Lot tested now - 07/30/2004 09:00:01
No Lot tested now - 07/30/2004 09:30:01
No Lot tested now - 07/30/2004 10:00:01
No Lot tested now - 07/30/2004 10:30:01
No Lot tested now - 07/30/2004 11:00:01
No Lot tested now - 07/30/2004 11:30:01
No Lot tested now - 07/30/2004 12:00:02
No Lot tested now - 07/30/2004 12:30:02
No Lot tested now - 07/30/2004 13:00:01
No Lot tested now - 07/30/2004 13:30:01
No Lot tested now - 07/30/2004 14:00:01
No Lot tested now - 07/30/2004 14:30:01
No Lot tested now - 07/30/2004 15:00:01
No Lot tested now - 07/30/2004 15:30:01
No Lot tested now - 07/30/2004 16:00:02
No Lot tested now - 07/30/2004 16:30:02
Error binning and fusing at /db1/s9k/prod/L4290424_6102 - 07/30/2004 17:00:01
Found no error at /db1/s9k/prod/L4290387_6152 - 07/30/2004 17:00:01
No Lot tested now - 07/30/2004 17:30:01
No Lot tested now - 07/30/2004 18:00:02
No Lot tested now - 07/30/2004 18:30:01
No Lot tested now - 07/30/2004 19:00:01
No Lot tested now - 07/30/2004 19:30:02
Found no error at /db1/s9k/prod/L4290427_6102 - 07/30/2004 20:00:01
No Lot tested now - 07/30/2004 20:30:01
No Lot tested now - 07/30/2004 21:00:02
No Lot tested now - 07/30/2004 21:30:01
No Lot tested now - 07/30/2004 22:00:01
No Lot tested now - 07/30/2004 22:30:01
No Lot tested now - 07/30/2004 23:00:01
No Lot tested now - 07/30/2004 23:30:01
No Lot tested now - 07/31/2004 00:00:01
No Lot tested now - 07/31/2004 00:30:02
No Lot tested now - 07/31/2004 01:00:01
No Lot tested now - 07/31/2004 01:30:01
No Lot tested now - 07/31/2004 02:00:02
No Lot tested now - 07/31/2004 02:30:01
No Lot tested now - 07/31/2004 03:00:02
No Lot tested now - 07/31/2004 03:30:01
No Lot tested now - 07/31/2004 04:00:01
No Lot tested now - 07/31/2004 04:30:01
No Lot tested now - 07/31/2004 05:00:02
No Lot tested now - 07/31/2004 05:30:01
No Lot tested now - 07/31/2004 06:00:01
No Lot tested now - 07/31/2004 06:30:01
No Lot tested now - 07/31/2004 07:00:01
No Lot tested now - 07/31/2004 07:30:02
Found no error at /db1/s9k/prod/L4290427_6102 - 07/31/2004 08:00:01
No Lot tested now - 07/31/2004 08:30:01
No Lot tested now - 07/31/2004 09:00:01
No Lot tested now - 07/31/2004 09:30:02
No Lot tested now - 07/31/2004 10:00:01
No Lot tested now - 07/31/2004 10:30:01
No Lot tested now - 07/31/2004 11:00:01
No Lot tested now - 07/31/2004 11:30:01
No Lot tested now - 07/31/2004 12:00:02
No Lot tested now - 07/31/2004 12:30:01
No Lot tested now - 07/31/2004 13:00:01
No Lot tested now - 07/31/2004 13:30:02
No Lot tested now - 07/31/2004 14:00:01
No Lot tested now - 07/31/2004 14:30:01
No Lot tested now - 07/31/2004 15:00:02
No Lot tested now - 07/31/2004 15:30:01
No Lot tested now - 07/31/2004 16:00:01
No Lot tested now - 07/31/2004 16:30:01
No Lot tested now - 07/31/2004 17:00:02
Found no error at /db1/s9k/prod/L4280386_6152 - 07/31/2004 17:30:02
No Lot tested now - 07/31/2004 18:00:01
No Lot tested now - 07/31/2004 18:30:02
No Lot tested now - 07/31/2004 19:00:01
No Lot tested now - 07/31/2004 19:30:01
No Lot tested now - 07/31/2004 20:00:01
No Lot tested now - 07/31/2004 20:30:01
No Lot tested now - 07/31/2004 21:00:01
No Lot tested now - 07/31/2004 21:30:01
No Lot tested now - 07/31/2004 22:00:01
No Lot tested now - 07/31/2004 22:30:01
No Lot tested now - 07/31/2004 23:00:01
Error binning and fusing at /db1/s9k/prod/L4290430_6102 - 07/31/2004 23:30:01
No Lot tested now - 08/01/2004 00:00:04
No Lot tested now - 08/01/2004 00:30:04
Error binning and fusing at /db1/s9k/prod/L4290430_6102 - 08/01/2004 01:00:05
No Lot tested now - 08/01/2004 01:30:04
No Lot tested now - 08/01/2004 02:00:04
No Lot tested now - 08/01/2004 02:30:05
No Lot tested now - 08/01/2004 03:00:05
No Lot tested now - 08/01/2004 03:30:04
No Lot tested now - 08/01/2004 04:00:04
No Lot tested now - 08/01/2004 04:30:05
No Lot tested now - 08/01/2004 05:00:05
No Lot tested now - 08/01/2004 05:30:04
Found no error at /db1/s9k/prod/L4290431_6102 - 08/01/2004 06:00:05
No Lot tested now - 08/01/2004 06:30:04
No Lot tested now - 08/01/2004 07:00:05
No Lot tested now - 08/01/2004 07:30:04
No Lot tested now - 08/01/2004 08:00:04
No Lot tested now - 08/01/2004 08:30:04
No Lot tested now - 08/01/2004 09:00:04
No Lot tested now - 08/01/2004 09:30:04
No Lot tested now - 08/01/2004 10:00:04
No Lot tested now - 08/01/2004 10:30:05
No Lot tested now - 08/01/2004 11:00:05
No Lot tested now - 08/01/2004 11:30:04
No Lot tested now - 08/01/2004 12:00:04
No Lot tested now - 08/01/2004 12:30:04
No Lot tested now - 08/01/2004 13:00:05
No Lot tested now - 08/01/2004 13:30:04
No Lot tested now - 08/01/2004 14:00:04
No Lot tested now - 08/01/2004 14:30:04
No Lot tested now - 08/01/2004 15:00:04
No Lot tested now - 08/01/2004 15:30:05
Found no error at /db1/s9k/prod/L4290434_6102 - 08/01/2004 16:00:05
No Lot tested now - 08/01/2004 16:30:04
No Lot tested now - 08/01/2004 17:00:04
No Lot tested now - 08/01/2004 17:30:04
No Lot tested now - 08/01/2004 18:00:05
No Lot tested now - 08/01/2004 18:30:04
No Lot tested now - 08/01/2004 19:00:05
No Lot tested now - 08/01/2004 19:30:04
No Lot tested now - 08/01/2004 20:00:04
Found no error at /db1/s9k/prod/L4280387_6152 - 08/01/2004 20:30:04
No Lot tested now - 08/01/2004 21:00:04
No Lot tested now - 08/01/2004 21:30:05
No Lot tested now - 08/01/2004 22:00:04
No Lot tested now - 08/01/2004 22:30:05
No Lot tested now - 08/01/2004 23:00:04
No Lot tested now - 08/01/2004 23:30:04
No Lot tested now - 08/02/2004 00:00:00
No Lot tested now - 08/02/2004 00:30:01
No Lot tested now - 08/02/2004 01:00:01
Found no error at /db1/s9k/prod/L4290435_6102 - 08/02/2004 01:30:01
No Lot tested now - 08/02/2004 02:00:01
No Lot tested now - 08/02/2004 02:30:01
No Lot tested now - 08/02/2004 03:00:02
Found no error at /db1/s9k/prod/L4280395_6102 - 08/02/2004 03:30:01
No Lot tested now - 08/02/2004 04:00:01
No Lot tested now - 08/02/2004 04:30:01
No Lot tested now - 08/02/2004 05:00:02
No Lot tested now - 08/02/2004 05:30:01
No Lot tested now - 08/02/2004 06:00:01
No Lot tested now - 08/02/2004 06:30:01
No Lot tested now - 08/02/2004 07:00:01
No Lot tested now - 08/02/2004 07:30:01
No Lot tested now - 08/02/2004 08:00:01
No Lot tested now - 08/02/2004 08:30:01
No Lot tested now - 08/02/2004 09:00:01
No Lot tested now - 08/02/2004 09:30:01
No Lot tested now - 08/02/2004 10:00:01
No Lot tested now - 08/02/2004 10:30:01
Found no error at /db1/s9k/prod/L4280385_6152 - 08/02/2004 11:00:01
No Lot tested now - 08/02/2004 11:30:02
No Lot tested now - 08/02/2004 12:00:02
Found no error at /db1/s9k/prod/L4290436_6102 - 08/02/2004 12:30:01
No Lot tested now - 08/02/2004 13:00:01
No Lot tested now - 08/02/2004 13:30:02
No Lot tested now - 08/02/2004 14:00:01
No Lot tested now - 08/02/2004 14:30:01
No Lot tested now - 08/02/2004 15:00:02
No Lot tested now - 08/02/2004 15:30:02
No Lot tested now - 08/02/2004 16:00:02
No Lot tested now - 08/02/2004 16:30:02
No Lot tested now - 08/02/2004 17:00:01
No Lot tested now - 08/02/2004 17:30:01
No Lot tested now - 08/02/2004 18:00:01
No Lot tested now - 08/02/2004 18:30:01
No Lot tested now - 08/02/2004 19:00:01
No Lot tested now - 08/02/2004 19:30:01
No Lot tested now - 08/02/2004 20:00:01
No Lot tested now - 08/02/2004 20:30:01
No Lot tested now - 08/02/2004 21:00:01
No Lot tested now - 08/02/2004 21:30:01
No Lot tested now - 08/02/2004 22:00:02
No Lot tested now - 08/02/2004 22:30:02
No Lot tested now - 08/02/2004 23:00:01
No Lot tested now - 08/02/2004 23:30:01
No Lot tested now - 08/03/2004 00:00:00
No Lot tested now - 08/03/2004 00:30:01
No Lot tested now - 08/03/2004 01:00:01
No Lot tested now - 08/03/2004 01:30:01
No Lot tested now - 08/03/2004 02:00:01
No Lot tested now - 08/03/2004 02:30:01
Error binning and fusing at /db1/s9k/prod/L4290422_6102 - 08/03/2004 03:00:01
Found no error at /db1/s9k/prod/L4300393_6102 - 08/03/2004 03:30:02
No Lot tested now - 08/03/2004 04:00:01
No Lot tested now - 08/03/2004 04:30:02
No Lot tested now - 08/03/2004 05:00:01
No Lot tested now - 08/03/2004 05:30:01
No Lot tested now - 08/03/2004 06:00:01
No Lot tested now - 08/03/2004 06:30:01
No Lot tested now - 08/03/2004 07:00:02
No Lot tested now - 08/03/2004 07:30:02
No Lot tested now - 08/03/2004 08:00:02
No Lot tested now - 08/03/2004 08:30:02
No Lot tested now - 08/03/2004 09:00:02
No Lot tested now - 08/03/2004 09:30:01
No Lot tested now - 08/03/2004 10:00:01
No Lot tested now - 08/03/2004 10:30:01
No Lot tested now - 08/03/2004 11:00:02
No Lot tested now - 08/03/2004 11:30:01
No Lot tested now - 08/03/2004 12:00:01
Found no error at /db1/s9k/prod/L4300396_6102 - 08/03/2004 12:30:01
No Lot tested now - 08/03/2004 13:00:01
No Lot tested now - 08/03/2004 13:30:01
No Lot tested now - 08/03/2004 14:00:02
Found no error at /db1/s9k/prod/L4300394_6102 - 08/03/2004 14:30:01
No Lot tested now - 08/03/2004 15:00:01
No Lot tested now - 08/03/2004 15:30:01
No Lot tested now - 08/03/2004 16:00:01
No Lot tested now - 08/03/2004 16:30:02
