Testname: BF_SIGEN1000_VID_014444_NOMNOM_231000_0433
21	G1673993P2483348_014444_PL01DF_FTXXX_US1XM1X0XXXHXXXXX_TC_RESET_CREG
1	G1689191P2242438_014444_PL01DF_FTXXX_US1XM1X0XXXHXXXXX_DAC_EMON

Testname: BF_014444_MINMIN_582533_0638
1	G1683069P2802215_014444_PL01DF_FUXXX_UX1XM1X0XXXHXXXXX_UL1_SINGLEBITECC_EACHBIT_PBIST_DATA
1	G1683307P2801754_014444_PL01DF_FUXXX_UX1XM1X0XXXHXXXXX_UL1_SINGLEBITECC_PBIST_DATA
1	G1683655P2246788_014444_PL01DV_FTXXX_UX1XM1X0XXXHXXXXX_BAV_WAIT4SIPI_STPCLK_SLP
1	G1687843P2242758_014444_PL01DF_FTXXX_US1XM1X0XXXHXXXXX_FUSE_MSR
1	G1697100P2429984_014444_PL01DF_FTXXX_US1XM1X2XXXHXXXXX_LOCKRAND_MT_TOGGLE
3	G1704896P2245118_014444_PL01DF_FTXXX_US1XM1X0XXXHXXXXX_SAAT_DRCAM_MIS_ST3_FT_T1

Testname: BF_014444_MAXMAX_733200_0212
1	G1648624P2481168_014444_PL01DF_FTXXX_US1XM1X1XXXQXXXXX_ITLB_FAULT_LIP
1	G1696375P2482132_014444_PL01DF_FTXXX_US1XM1X2XXXHXXXXX_FSB_EMON_BNR_STALL_T1

Testname: SCANATPG_0120_NOM_1000
1	D1499423P2347542_012020_PK04DG_FTXXX_UX1XM1X0SU4XXXXXX_DPU_PH1_STATPG
1	D1503973P2421942_012020_PK04DG_FTXXX_UX1XM1X0S14XXXXXX_BUS1_PH1_STATPG
1	D1505060P2424322_012020_PK04DG_FTXXX_UX1XM1X0SQ4XXXXXX_IQSSU_PH1_STATPG
1	D1505061P2345834_012020_PK04DG_FTXXX_UX1XM1X0ST4XXXXXX_RALF_PH1_STATPG

Testname: SBFT_FULL_0140_MINMIN_833333_0101
1	G1405161P2241488_014040_PK03DB_LBXXX_US1XM1X0XXXIXXXXX_FEC_EMON_SBFT

Testname: BF_014444_MAXMAX_703067_0318
1	G1682356P2262178_014444_PL01DF_FTXXX_US1XM1X0XXXHXXXXX_UXDSEU
1	G1691517P2246518_014444_PL01DF_FTXXX_US1XM1X0XXXHXXXXX_COMBM2_RAND_KM_RM2_E_2

Testname: BF_SIGEN1000_VID_014444_NOMNOM_231000_0443
21	G1673993P2483348_014444_PL01DF_FTXXX_US1XM1X0XXXHXXXXX_TC_RESET_CREG
1	G1676154P2252738_014444_PL01DF_FTXXX_US1XM1X0XXXHXXXXX_DAC_STHITLD_BITS31_24

Testname: BF_014444_MINMIN_612667_0531
1	G1683069P2802215_014444_PL01DF_FUXXX_UX1XM1X0XXXHXXXXX_UL1_SINGLEBITECC_EACHBIT_PBIST_DATA
1	G1683307P2801754_014444_PL01DF_FUXXX_UX1XM1X0XXXHXXXXX_UL1_SINGLEBITECC_PBIST_DATA
1	G1683655P2246788_014444_PL01DV_FTXXX_UX1XM1X0XXXHXXXXX_BAV_WAIT4SIPI_STPCLK_SLP
1	G1687843P2242758_014444_PL01DF_FTXXX_US1XM1X0XXXHXXXXX_FUSE_MSR
1	G1688376P2244258_014444_PL01DF_FTXXX_US1XM1X0XXXHXXXXX_FMXD_FAX_ARITH1
1	G1697100P2429984_014444_PL01DF_FTXXX_US1XM1X2XXXHXXXXX_LOCKRAND_MT_TOGGLE
2	G1704896P2245118_014444_PL01DF_FTXXX_US1XM1X0XXXHXXXXX_SAAT_DRCAM_MIS_ST3_FT_T1

Testname: BF_014444_MINMIN_763333_0103
1	G1649021P6013449_014444_PL01DF_FBXXX_UX1XM1X0XXXHXXXXX_T3THR_0000913C_GENERIC_WINXP64_REV2
1	G1675119P2448830_014444_PL01DF_FTXXX_US1XM1X0XXXHXXXXX_EXEC_FT_T0__FRITSFPU_RND_EXCEP_ORP_00
1	G1677549P2260708_014444_PL01DF_FTXXX_US1XM1X0XXXHXXXXX_JUMPGATECS_LOC_CPL2_DPL1_RPL3
7	G1677573P2434056_014444_PL01DF_FTXXX_US1XM1X0XXXHXXXXX_MOS_MOSLARYM_LA_CAM_HIGHBITS_LDHIHALF
1	G1677705P2449030_014444_PL01DF_FTXXX_US1XM1X2XXXHXXXXX_MODPAGD_UC_USWC_FIX4K_C0000_1
2	G1677726P2434076_014444_PL01DF_FTXXX_US1XM1X0XXXHXXXXX_MOS_MOSLARYM_LA_CAM_HIGHBITS_STHIHALF
1	G1678728P2434036_014444_PL01DF_FTXXX_US1XM1X0XXXHXXXXX_MOS_MOSLARYM_LA_CAM_HIGHBITS_1
20	G1679590P2430524_014444_PL01DF_FTXXX_US1XM1X2XXXHXXXXX_LOCKRAND_MT_TOGGLE
1	G1679674P2443288_014444_PL01DF_FTXXX_US1XM1X0XXXHXXXXX_DPU_UL1_NON_64BYTE_FETCH_0
1	G1679714P2243798_014444_PL01DF_FTXXX_US1XM1X0XXXHXXXXX_T3E_040_RSBFAILURE
1	G1679745P2253138_014444_PL01DF_FTXXX_US1XM1X0XXXHXXXXX_TBT_NON_BRANCH
10	G1679795P2452670_014444_PL01DF_FTXXX_US1XM1X0XXXHXXXXX_YT7_PREFQ_T0
1	G1680311P2247438_014444_PL01DV_FTXXX_US1XM1X0XXXHXXXXX_BAV_APIC_PRI1_FIXED
1	G1681461P2434046_014444_PL01DF_FTXXX_US1XM1X0XXXHXXXXX_MOS_MOSLARYM_LA_CAM_HIGHBITS_LDHIHALF
1	G1681480P2452700_014444_PL01DF_FTXXX_US1XM1X2XXXHXXXXX_TD_PROT_MODE_SYSCALL_MT_812389931
13	G1681571P2808874_014444_PL01DF_FTXXX_US1XM1X2XXXHXXXXX_HE_64BIT_GENERIC_INT_MT
308	G1682213P2463724_014444_PL01DF_FTXXX_US1XM1X2XXXHXXXXX_TD_PROT_MODE_FARCALL_MT_133855825
1	G1682230P2242828_014444_PL01DF_FTXXX_US1XM1X0XXXHXXXXX_IFALU_TRAVEL1
2	G1682860P2338486_014444_PL01DF_FTXXX_US1XM1X0XXXHXXXXX_T3THR_NE1_038_DAC
3	G1682907P2756302_014444_PL01DF_FBXXX_UX1XM1X0XXXHXXXXX_T3THR_PDE0_017
1	G1683005P2255938_014444_PL01DF_FTXXX_US1XM1X0XXXHXXXXX_CMOVL_NGE_0F4C_MODRM_10_P
1	G1686449P2261928_014444_PL01DF_FTXXX_US1XM1X0XXXHXXXXX_VME1_IASM
1	G1686480P2242858_014444_PL01DF_FTXXX_US1XM1X0XXXHXXXXX_UL1DAK_FKV2
1	G1686493P2259438_014444_PL01DF_FTXXX_US1PM1X0XXXHXXXXX_GEN8WMT_J
1	G1687843P2242758_014444_PL01DF_FTXXX_US1XM1X0XXXHXXXXX_FUSE_MSR
1	G1690128P2469796_014444_PL01DF_FTXXX_US1XM1X0XXXHXXXXX_YT3_PREFQ_T0_PWRDN
1	G1691165P2382500_014444_PL01DF_FTXXX_US1XM1X0XXXHXXXXX_CREG_WRITE_READ_WRITE_SELFCHECK
1	G1691561P2325028_014444_PL01DF_FTXXX_US1XM1X0XXXHXXXXX_PMH_FT_T0__B4K_ACFG_ORP_000
1	G1692828P2808866_014444_PL01DF_FTXXX_US1XM1X2XXXHXXXXX_HE_64BIT_GENERIC_INT_MT
2	G1693176P2325008_014444_PL01DF_FTXXX_US1XM1X0XXXHXXXXX_PMH_FT_T0__B4K_ADG_ORP_000
1	G1696354P2429394_014444_PL01DF_FTXXX_US1XM1X0XXXHXXXXX_MOS_MOSLARYM_LA_CAM_HIGHBITS_0
3	G1697231P2243368_014444_PL01DF_FTXXX_US1XM1X0XXXHXXXXX_CVTP_DSI
2	G1701788P2325278_014444_PL01DF_FTXXX_US1XM1X0XXXHXXXXX_CACHEABLE_UNCACHEABLE_PAGE_SPLIT_ORP_
1	G1702143P2508818_014444_PL01DF_FTXXX_US1XM1X1XXXQXXXXX_TC_ALL_WAYS_SETS64_127
1	G1702248P2429384_014444_PL01DF_FTXXX_US1XM1X2XXXHXXXXX_TD_PROT_MODE_ARRAY_TEST_MT_233455398
1	G1704720P2244228_014444_PL01DF_FTXXX_US1XM1X0XXXHXXXXX_COMBM2_RAND_KM_RM1_E_8
4	G1704896P2245118_014444_PL01DF_FTXXX_US1XM1X0XXXHXXXXX_SAAT_DRCAM_MIS_ST3_FT_T1
28	G1709879P2463754_014444_PL01DF_FTXXX_US1XM1X2XXXHXXXXX_TD_PROT_MODE_FARCALL_MT_984397015
8	G1710547P2259688_014444_PL01DF_FTXXX_US1XM1X0XXXHXXXXX_SPEEDPATH_PIPEX3

Testname: BF_014444_MAXMAX_612667_0532
1	G1705907P2246818_014444_PL01DF_FTXXX_US1XM1X0XXXHXXXXX_COMBM2_RAND_KM_RM2_E_4

Testname: BF_014444_MAXMAX_582533_0639
1	G1682167P2478768_014444_PL01DF_FTXXX_US1XM1X0XXXHXXXXX_SAAT_FT_PL1_RHINE_RAND_017

Testname: BF_SIGEN1500_014444_NOMNOM_341500_0340
22	G1673993P2483348_014444_PL01DF_FTXXX_US1XM1X0XXXHXXXXX_TC_RESET_CREG

Testname: BF_014444_MINMIN_733200_0211
2	G1679745P2253138_014444_PL01DF_FTXXX_US1XM1X0XXXHXXXXX_TBT_NON_BRANCH
2	G1681571P2808874_014444_PL01DF_FTXXX_US1XM1X2XXXHXXXXX_HE_64BIT_GENERIC_INT_MT
1	G1681688P2449650_014444_PL01DF_FTXXX_US1XM1X2XXXHXXXXX_TDE_BASIC_64MODE_MT
1	G1682016P2388678_014444_PL01DF_FTXXX_US1XM1X0XXXHXXXXX_T3THR_NE1_038_DAC
27	G1682213P2463724_014444_PL01DF_FTXXX_US1XM1X2XXXHXXXXX_TD_PROT_MODE_FARCALL_MT_133855825
1	G1683937P2418572_014444_PL01DF_FTXXX_US1XM1X0XXXHXXXXX_SIMPLE_FSB_DATA_PARITY_ERROR
1	G1686449P2261928_014444_PL01DF_FTXXX_US1XM1X0XXXHXXXXX_VME1_IASM
1	G1686480P2242858_014444_PL01DF_FTXXX_US1XM1X0XXXHXXXXX_UL1DAK_FKV2
1	G1691304P2261388_014444_PL01DF_FTXXX_US1XM1X0XXXHXXXXX_XT3PQA
1	G1691378P2249358_014444_PL01DF_FTXXX_US1XM1X0XXXHXXXXX_ADDSD_F20F58_PROT_OPCOV
1	G1698188P2468014_014444_PL01DF_FTXXX_US1XM1X0XXXHXXXXX_DAC_FT_RHINE_RAND_003
1	G1702631P2243008_014444_PL01DF_FTXXX_US1XM1X0XXXHXXXXX_UL1D6K_40K
1	G1704881P2463734_014444_PL01DF_FTXXX_US1XM1X2XXXHXXXXX_TD_PROT_MODE_CALL_RET_MT_981640028
1	G1704896P2245118_014444_PL01DF_FTXXX_US1XM1X0XXXHXXXXX_SAAT_DRCAM_MIS_ST3_FT_T1
1	G1709879P2463754_014444_PL01DF_FTXXX_US1XM1X2XXXHXXXXX_TD_PROT_MODE_FARCALL_MT_984397015

Testname: BF_014444_MINMIN_683000_0319
1	G1679997P2429564_014444_PL01DF_FTXXX_US1XM1X2XXXHXXXXX_MEMORY_EXECUTION_480980566
6	G1682213P2463724_014444_PL01DF_FTXXX_US1XM1X2XXXHXXXXX_TD_PROT_MODE_FARCALL_MT_133855825
1	G1683401P2324718_014444_PL01DF_FTXXX_US1XM1X1XXXQXXXXX_PMH_FT_T1__B4K_ADG_3EMONS_ORP_000
1	G1683937P2418572_014444_PL01DF_FTXXX_US1XM1X0XXXHXXXXX_SIMPLE_FSB_DATA_PARITY_ERROR
3	G1686449P2261928_014444_PL01DF_FTXXX_US1XM1X0XXXHXXXXX_VME1_IASM
1	G1689920P2249118_014444_PL01DF_FTXXX_US1XM1X0XXXHXXXXX_CMOVNB_AE_NC_0F43_MODRM_00_R
1	G1697086P2324588_014444_PL01DF_FTXXX_US1XM1X0XXXHXXXXX_UL1_FT_T0_WCB_SNOOP_EVICTIONS_ORP_000
1	G1702631P2243008_014444_PL01DF_FTXXX_US1XM1X0XXXHXXXXX_UL1D6K_40K
1	G1704881P2463734_014444_PL01DF_FTXXX_US1XM1X2XXXHXXXXX_TD_PROT_MODE_CALL_RET_MT_981640028

Testname: BF_014444_NOMNOM_452000_0226
1	G1673993P2483348_014444_PL01DF_FTXXX_US1XM1X0XXXHXXXXX_TC_RESET_CREG
1	G1685551P2329388_014444_PL01DF_FTXXX_US1XM1X0XXXHXXXXX_FSPIMUX3
1	G1688892P2247318_014444_PL01DF_FTXXX_US1XM1X0XXXHXXXXX_HAYSTACK_NWDB3_17
9	G1696422P2463534_014444_PL01DF_FTXXX_US1XM1X0XXXHXXXXX_DPU_PMH_CR_BASIC_1

Testname: SBFT_SIGON_1500_NOM
1	G1404244P2231568_014040_PK03DB_LBXXX_US1XM1X0XXXIXXXXX_AG_TOGGLE_SBFT

Testname: BF_014444_NOMNOM_452000_0213
6	G1673993P2483348_014444_PL01DF_FTXXX_US1XM1X0XXXHXXXXX_TC_RESET_CREG
1	G1676448P2808864_014444_PL01DF_FTXXX_US1XM1X2XXXHXXXXX_HE_64BIT_GENERIC_INT_MT
1	G1678175P2489328_014444_PL01DF_FTXXX_US1XM1X0XXXHXXXXX_MOS_SATAGARYM_LA_CAM_TAGL_3
1	G1697231P2243368_014444_PL01DF_FTXXX_US1XM1X0XXXHXXXXX_CVTP_DSI

Testname: BF_014444_NOMNOM_452000_0205
22	G1673993P2483348_014444_PL01DF_FTXXX_US1XM1X0XXXHXXXXX_TC_RESET_CREG

Testname: SBFT_SIGON_1800_NOM
1	G1404244P2231568_014040_PK03DB_LBXXX_US1XM1X0XXXIXXXXX_AG_TOGGLE_SBFT

Testname: BF_SIGEN1000_014444_NOMNOM_231000_0429
21	G1673993P2483348_014444_PL01DF_FTXXX_US1XM1X0XXXHXXXXX_TC_RESET_CREG
1	G1689191P2242438_014444_PL01DF_FTXXX_US1XM1X0XXXHXXXXX_DAC_EMON

Testname: BF_014444_MAXMAX_763333_0104
1	G1694240P2247688_014444_PL01DF_FTXXX_US1XM1X0XXXHXXXXX_BSU_UBRKMATCH
1	G1698579P2412066_014444_PL01DF_FTXXX_US1XM1X0XXXHXXXXX_PATCH_MAX_RESOURCES

Testname: BF_014444_MINMIN_642800_0424
1	G1682230P2242828_014444_PL01DF_FTXXX_US1XM1X0XXXHXXXXX_IFALU_TRAVEL1
1	G1683069P2802215_014444_PL01DF_FUXXX_UX1XM1X0XXXHXXXXX_UL1_SINGLEBITECC_EACHBIT_PBIST_DATA
1	G1683307P2801754_014444_PL01DF_FUXXX_UX1XM1X0XXXHXXXXX_UL1_SINGLEBITECC_PBIST_DATA
1	G1683655P2246788_014444_PL01DV_FTXXX_UX1XM1X0XXXHXXXXX_BAV_WAIT4SIPI_STPCLK_SLP
1	G1683937P2418572_014444_PL01DF_FTXXX_US1XM1X0XXXHXXXXX_SIMPLE_FSB_DATA_PARITY_ERROR
1	G1687843P2242758_014444_PL01DF_FTXXX_US1XM1X0XXXHXXXXX_FUSE_MSR
1	G1697100P2429984_014444_PL01DF_FTXXX_US1XM1X2XXXHXXXXX_LOCKRAND_MT_TOGGLE
1	G1700775P2479538_014444_PL01DF_FTXXX_US1XM1X0XXXHXXXXX_DAC_FT_PL2_RHINE_RAND_020
2	G1704896P2245118_014444_PL01DF_FTXXX_US1XM1X0XXXHXXXXX_SAAT_DRCAM_MIS_ST3_FT_T1

Testname: BF_SIGEN2000_VID_014444_NOMNOM_452000_0244
22	G1673993P2483348_014444_PL01DF_FTXXX_US1XM1X0XXXHXXXXX_TC_RESET_CREG

Testname: BF_014444_MINMIN_642800_0427
1	G1672707P2471458_014444_PL01DF_FTXXX_US1XM1X0XXXHXXXXX_BOGBR_JZJC_NLIPB_0
1	G1683937P2418572_014444_PL01DF_FTXXX_US1XM1X0XXXHXXXXX_SIMPLE_FSB_DATA_PARITY_ERROR
1	G1702631P2243008_014444_PL01DF_FTXXX_US1XM1X0XXXHXXXXX_UL1D6K_40K

Testname: BF_014444_NOMNOM_452000_0229
1	G1673993P2483348_014444_PL01DF_FTXXX_US1XM1X0XXXHXXXXX_TC_RESET_CREG
3	G1696422P2463534_014444_PL01DF_FTXXX_US1XM1X0XXXHXXXXX_DPU_PMH_CR_BASIC_1

Testname: BF_014444_NOMNOM_452000_0212
11	G1673993P2483348_014444_PL01DF_FTXXX_US1XM1X0XXXHXXXXX_TC_RESET_CREG
1	G1696196P2513208_014444_PL01DF_FTXXX_US1XM1X2XXXHXXXXX_TC_FLUSH_ALL_WAYS_MT_1

Testname: BF_014444_MAXMAX_733200_0211
1	G1678956P2509368_014444_PL01DF_FTXXX_US1XM1X1XXXQXXXXX_TC_FLUSH_ALL_WAYS_SETS128_159

Testname: SBFT_FULL_0140_MAXMAX_702800_0704
1	G1404742P2502228_014040_PK03DB_LBXXX_US1XM1X1XXXIXXXXX_SAAT_REPLAY_WHACK_SPLIT_STORE_T1_ORP_
1	G1404862P2440796_014040_PK03DB_LBXXX_US1XM1X2XXXIXXXXX_EMON_SB_SBFT_THREAD_SWITCH_MT

Testname: BF_SIGEN1500_VID_014444_NOMNOM_341500_0345
22	G1673993P2483348_014444_PL01DF_FTXXX_US1XM1X0XXXHXXXXX_TC_RESET_CREG

Testname: BF_SIGEN1500_VID_014444_NOMNOM_341500_0335
21	G1673993P2483348_014444_PL01DF_FTXXX_US1XM1X0XXXHXXXXX_TC_RESET_CREG
1	G1697231P2243368_014444_PL01DF_FTXXX_US1XM1X0XXXHXXXXX_CVTP_DSI

Testname: SCANATPG_0120_NOM_1200
1	D1499423P2347542_012020_PK04DG_FTXXX_UX1XM1X0SU4XXXXXX_DPU_PH1_STATPG
1	D1503973P2421942_012020_PK04DG_FTXXX_UX1XM1X0S14XXXXXX_BUS1_PH1_STATPG
1	D1504029P2516968_012020_PK04DG_FTXXX_UX1XM1X0SE4XXXXXX_TBPU_PH1_STATPG_BRIDGE
1	D1505060P2424322_012020_PK04DG_FTXXX_UX1XM1X0SQ4XXXXXX_IQSSU_PH1_STATPG
1	D1505061P2345834_012020_PK04DG_FTXXX_UX1XM1X0ST4XXXXXX_RALF_PH1_STATPG
1	D1505117P2514808_012020_PK04DG_FTXXX_UX1XM1X0SQ0XXXXXX_IQSSU_PH1PH2_AZTEC_STATPG

Testname: BF_014444_MINMIN_733200_0210
1	G1676658P2259178_014444_PL01DF_FTXXX_US1XM1X0XXXHXXXXX_RRRR_MPRED_UMPRED
1	G1677419P2430964_014444_PL01DF_FTXXX_US1XM1X2XXXHXXXXX_LOCKRAND_MT_TOGGLE
2	G1679590P2430524_014444_PL01DF_FTXXX_US1XM1X2XXXHXXXXX_LOCKRAND_MT_TOGGLE
1	G1680311P2247438_014444_PL01DV_FTXXX_US1XM1X0XXXHXXXXX_BAV_APIC_PRI1_FIXED
2	G1681571P2808874_014444_PL01DF_FTXXX_US1XM1X2XXXHXXXXX_HE_64BIT_GENERIC_INT_MT
30	G1682213P2463724_014444_PL01DF_FTXXX_US1XM1X2XXXHXXXXX_TD_PROT_MODE_FARCALL_MT_133855825
1	G1682907P2756302_014444_PL01DF_FBXXX_UX1XM1X0XXXHXXXXX_T3THR_PDE0_017
2	G1683005P2255938_014444_PL01DF_FTXXX_US1XM1X0XXXHXXXXX_CMOVL_NGE_0F4C_MODRM_10_P
1	G1683069P2802215_014444_PL01DF_FUXXX_UX1XM1X0XXXHXXXXX_UL1_SINGLEBITECC_EACHBIT_PBIST_DATA
1	G1683307P2801754_014444_PL01DF_FUXXX_UX1XM1X0XXXHXXXXX_UL1_SINGLEBITECC_PBIST_DATA
1	G1683739P2448740_014444_PL01DF_FTXXX_US1XM1X0XXXHXXXXX_EXEC_FT_T0__FRITSFPU_SQRT_ORP_001
2	G1686449P2261928_014444_PL01DF_FTXXX_US1XM1X0XXXHXXXXX_VME1_IASM
1	G1686493P2259438_014444_PL01DF_FTXXX_US1PM1X0XXXHXXXXX_GEN8WMT_J
1	G1687843P2242758_014444_PL01DF_FTXXX_US1XM1X0XXXHXXXXX_FUSE_MSR
1	G1689420P2248588_014444_PL01DF_FTXXX_US1XM1X0XXXHXXXXX_RCPPS_0F53_REAL_OPCOV
1	G1690667P2329818_014444_PL01DF_FBXXX_US1XM1X0XXXHXXXXX_T3THR_PAGING_PAT_TOGGLE_PART2
1	G1691663P2478728_014444_PL01DF_FTXXX_US1XM1X0XXXHXXXXX_SAAT_FT_PL0_RHINE_RAND_013
1	G1692828P2808866_014444_PL01DF_FTXXX_US1XM1X2XXXHXXXXX_HE_64BIT_GENERIC_INT_MT
1	G1697100P2429984_014444_PL01DF_FTXXX_US1XM1X2XXXHXXXXX_LOCKRAND_MT_TOGGLE
1	G1697231P2243368_014444_PL01DF_FTXXX_US1XM1X0XXXHXXXXX_CVTP_DSI
1	G1699831P2433986_014444_PL01DF_FTXXX_US1XM1X0XXXHXXXXX_DPU_UL1_LONG_BUS_30D
6	G1704896P2245118_014444_PL01DF_FTXXX_US1XM1X0XXXHXXXXX_SAAT_DRCAM_MIS_ST3_FT_T1
3	G1709879P2463754_014444_PL01DF_FTXXX_US1XM1X2XXXHXXXXX_TD_PROT_MODE_FARCALL_MT_984397015
2	G1710547P2259688_014444_PL01DF_FTXXX_US1XM1X0XXXHXXXXX_SPEEDPATH_PIPEX3

Testname: BF_014444_MAXMAX_773400_0104
1	G1689191P2242438_014444_PL01DF_FTXXX_US1XM1X0XXXHXXXXX_DAC_EMON

Testname: SBFT_FULL_0140_MINMIN_803200_0302
1	G1411223P2527228_014040_PK03DC_LBXXX_US1XM1X0XXXIXXXXX_FRITS_INT

Testname: BF_SIGEN1000_014444_NOMNOM_231000_0440
21	G1673993P2483348_014444_PL01DF_FTXXX_US1XM1X0XXXHXXXXX_TC_RESET_CREG
1	G1690945P2245488_014444_PL01DF_FTXXX_US1XM1X0XXXHXXXXX_DAC_REPWAY

Testname: SBFT_FULL_0140_MINMIN_702800_0704
1	G1404263P2489358_014040_PK03DB_LBXXX_US1XM1X0XXXIXXXXX_PIX_FRITS_IMMED_MOV1_SEQ_02

Testname: BF_SIGEN2000_VID_014444_NOMNOM_452000_0234
21	G1673993P2483348_014444_PL01DF_FTXXX_US1XM1X0XXXHXXXXX_TC_RESET_CREG
1	G1697100P2429984_014444_PL01DF_FTXXX_US1XM1X2XXXHXXXXX_LOCKRAND_MT_TOGGLE
1	G1697231P2243368_014444_PL01DF_FTXXX_US1XM1X0XXXHXXXXX_CVTP_DSI

Testname: SBFT_SIGON_2000_NOM
1	G1404244P2231568_014040_PK03DB_LBXXX_US1XM1X0XXXIXXXXX_AG_TOGGLE_SBFT
12	G1404515P2449310_014040_PK03DB_LBXXX_US1XM1X0XXXIXXXXX_HE_CREG_TEST3_ORP_000

Testname: SCANATPG_SCOREBOARD_0120_NOM_1000
1	D1499423P2347542_012020_PK04DG_FTXXX_UX1XM1X0SU4XXXXXX_DPU_PH1_STATPG
1	D1503973P2421942_012020_PK04DG_FTXXX_UX1XM1X0S14XXXXXX_BUS1_PH1_STATPG
1	D1505060P2424322_012020_PK04DG_FTXXX_UX1XM1X0SQ4XXXXXX_IQSSU_PH1_STATPG
1	D1505061P2345834_012020_PK04DG_FTXXX_UX1XM1X0ST4XXXXXX_RALF_PH1_STATPG

Testname: BF_014444_MAXMAX_683000_0320
1	G1696375P2482132_014444_PL01DF_FTXXX_US1XM1X2XXXHXXXXX_FSB_EMON_BNR_STALL_T1
1	G1697006P2324968_014444_PL01DF_FTXXX_US1XM1X0XXXHXXXXX_UL1_FT_T0_RLB_R_W_ACCESS_ORP_003

Testname: BF_SIGEN1500_014444_NOMNOM_341500_0329
21	G1673993P2483348_014444_PL01DF_FTXXX_US1XM1X0XXXHXXXXX_TC_RESET_CREG
1	G1689191P2242438_014444_PL01DF_FTXXX_US1XM1X0XXXHXXXXX_DAC_EMON

Testname: BF_014444_MAXMAX_642800_0425
1	G1685167P2479518_014444_PL01DF_FTXXX_US1XM1X0XXXHXXXXX_DAC_FT_PL2_RHINE_RAND_018
1	G1691517P2246518_014444_PL01DF_FTXXX_US1XM1X0XXXHXXXXX_COMBM2_RAND_KM_RM2_E_2

Testname: BF_014444_MINMIN_703067_0317
1	G1679745P2253138_014444_PL01DF_FTXXX_US1XM1X0XXXHXXXXX_TBT_NON_BRANCH
1	G1681138P2430284_014444_PL01DF_FTXXX_US1XM1X2XXXHXXXXX_LOCKRAND_MT_TOGGLE
1	G1681492P2243328_014444_PL01DF_FTXXX_US1XM1X0XXXHXXXXX_AG_TOGGLE
9	G1682213P2463724_014444_PL01DF_FTXXX_US1XM1X2XXXHXXXXX_TD_PROT_MODE_FARCALL_MT_133855825
1	G1682904P2465304_014444_PL01DF_FTXXX_US1XM1X1XXXQXXXXX_BTB_ROFFM_DEALLOCATION_LOGIC
1	G1683069P2802215_014444_PL01DF_FUXXX_UX1XM1X0XXXHXXXXX_UL1_SINGLEBITECC_EACHBIT_PBIST_DATA
1	G1683307P2801754_014444_PL01DF_FUXXX_UX1XM1X0XXXHXXXXX_UL1_SINGLEBITECC_PBIST_DATA
1	G1683739P2448740_014444_PL01DF_FTXXX_US1XM1X0XXXHXXXXX_EXEC_FT_T0__FRITSFPU_SQRT_ORP_001
1	G1685738P2443358_014444_PL01DF_FTXXX_US1XM1X0XXXHXXXXX_UL1_FT_T0_RLB_R_W_ACCESS_ORP_004
3	G1686449P2261928_014444_PL01DF_FTXXX_US1XM1X0XXXHXXXXX_VME1_IASM
1	G1687843P2242758_014444_PL01DF_FTXXX_US1XM1X0XXXHXXXXX_FUSE_MSR
1	G1689920P2249118_014444_PL01DF_FTXXX_US1XM1X0XXXHXXXXX_CMOVNB_AE_NC_0F43_MODRM_00_R
1	G1691660P2501608_014444_PL01DF_FTXXX_US1XM1X2XXXHXXXXX_MOS_MOLLARYM_LB_CAM1_SPHIT_07_MT0
1	G1696280P2246018_014444_PL01DF_FTXXX_US1XM1X0XXXHXXXXX_PAGEB4K_FULL_DTLB
1	G1697100P2429984_014444_PL01DF_FTXXX_US1XM1X2XXXHXXXXX_LOCKRAND_MT_TOGGLE
2	G1704896P2245118_014444_PL01DF_FTXXX_US1XM1X0XXXHXXXXX_SAAT_DRCAM_MIS_ST3_FT_T1
3	G1709879P2463754_014444_PL01DF_FTXXX_US1XM1X2XXXHXXXXX_TD_PROT_MODE_FARCALL_MT_984397015
1	G1710547P2259688_014444_PL01DF_FTXXX_US1XM1X0XXXHXXXXX_SPEEDPATH_PIPEX3

Testname: BF_014444_MINMIN_773400_0103
2	G1649021P6013449_014444_PL01DF_FBXXX_UX1XM1X0XXXHXXXXX_T3THR_0000913C_GENERIC_WINXP64_REV2
1	G1676034P2243048_014444_PL01DF_FTXXX_US1XM1X0XXXHXXXXX_T3_0127_FP_FISTP
7	G1677573P2434056_014444_PL01DF_FTXXX_US1XM1X0XXXHXXXXX_MOS_MOSLARYM_LA_CAM_HIGHBITS_LDHIHALF
6	G1677726P2434076_014444_PL01DF_FTXXX_US1XM1X0XXXHXXXXX_MOS_MOSLARYM_LA_CAM_HIGHBITS_STHIHALF
6	G1679590P2430524_014444_PL01DF_FTXXX_US1XM1X2XXXHXXXXX_LOCKRAND_MT_TOGGLE
4	G1679745P2253138_014444_PL01DF_FTXXX_US1XM1X0XXXHXXXXX_TBT_NON_BRANCH
3	G1679795P2452670_014444_PL01DF_FTXXX_US1XM1X0XXXHXXXXX_YT7_PREFQ_T0
1	G1680311P2247438_014444_PL01DV_FTXXX_US1XM1X0XXXHXXXXX_BAV_APIC_PRI1_FIXED
1	G1681412P2434876_014444_PL01DF_FBXXX_US1XM1X2XXXHXXXXX_S_MART_RANDOM_339935
6	G1681571P2808874_014444_PL01DF_FTXXX_US1XM1X2XXXHXXXXX_HE_64BIT_GENERIC_INT_MT
195	G1682213P2463724_014444_PL01DF_FTXXX_US1XM1X2XXXHXXXXX_TD_PROT_MODE_FARCALL_MT_133855825
1	G1682230P2242828_014444_PL01DF_FTXXX_US1XM1X0XXXHXXXXX_IFALU_TRAVEL1
4	G1682860P2338486_014444_PL01DF_FTXXX_US1XM1X0XXXHXXXXX_T3THR_NE1_038_DAC
5	G1682907P2756302_014444_PL01DF_FBXXX_UX1XM1X0XXXHXXXXX_T3THR_PDE0_017
1	G1683005P2255938_014444_PL01DF_FTXXX_US1XM1X0XXXHXXXXX_CMOVL_NGE_0F4C_MODRM_10_P
2	G1684835P2434776_014444_PL01DF_FBXXX_US1XM1X2XXXHXXXXX_S_MART_RANDOM_339899
1	G1686480P2242858_014444_PL01DF_FTXXX_US1XM1X0XXXHXXXXX_UL1DAK_FKV2
1	G1691484P2442688_014444_PL01DF_FTXXX_US1XM1X0XXXHXXXXX_PMH_FT_T1__B4K_ADG_ORP_000
1	G1691561P2325028_014444_PL01DF_FTXXX_US1XM1X0XXXHXXXXX_PMH_FT_T0__B4K_ACFG_ORP_000
1	G1697264P2481718_014444_PL01DF_FTXXX_US1XM1X2XXXHXXXXX_TD_PROT_MODE_BASIC_MT
1	G1701693P2248568_014444_PL01DF_FTXXX_US1XM1X0XXXHXXXXX_BOUND_62_MODRM_00_R
2	G1701788P2325278_014444_PL01DF_FTXXX_US1XM1X0XXXHXXXXX_CACHEABLE_UNCACHEABLE_PAGE_SPLIT_ORP_
1	G1702074P2260638_014444_PL01DF_FTXXX_US1XM1X0XXXHXXXXX_DC_DAT_4N_FA_IASM
2	G1702248P2429384_014444_PL01DF_FTXXX_US1XM1X2XXXHXXXXX_TD_PROT_MODE_ARRAY_TEST_MT_233455398
1	G1702631P2243008_014444_PL01DF_FTXXX_US1XM1X0XXXHXXXXX_UL1D6K_40K
7	G1704896P2245118_014444_PL01DF_FTXXX_US1XM1X0XXXHXXXXX_SAAT_DRCAM_MIS_ST3_FT_T1
32	G1709879P2463754_014444_PL01DF_FTXXX_US1XM1X2XXXHXXXXX_TD_PROT_MODE_FARCALL_MT_984397015
7	G1710547P2259688_014444_PL01DF_FTXXX_US1XM1X0XXXHXXXXX_SPEEDPATH_PIPEX3

Testname: BF_014444_NOMNOM_452000_0221
2	G1673993P2483348_014444_PL01DF_FTXXX_US1XM1X0XXXHXXXXX_TC_RESET_CREG
1	G1696422P2463534_014444_PL01DF_FTXXX_US1XM1X0XXXHXXXXX_DPU_PMH_CR_BASIC_1

